Using pre-set license
Built from '2020.3/staging' branch; Version is '2020.3.32f1 (12f8b0834f07) revision 1243312'; Using compiler version '192528614'; Build Type 'Release'
OS: 'Windows 10  (10.0.19045) 64bit Core' Language: 'en' Physical Memory: 32694 MB
BatchMode: 1, IsHumanControllingUs: 0, StartBugReporterOnCrash: 0, Is64bit: 1, IsPro: 0

COMMAND LINE ARGUMENTS:
C:\Program Files\Unity\Hub\Editor\2020.3.32f1\Editor\Unity.exe
-adb2
-batchMode
-noUpm
-name
AssetImportWorker0
-projectPath
D:/Repos/Team_Project/My project
-logFile
Logs/AssetImportWorker0.log
-srvPort
52539
Successfully changed project path to: D:/Repos/Team_Project/My project
D:/Repos/Team_Project/My project
Using Asset Import Pipeline V2.
Refreshing native plugins compatible for Editor in 36.52 ms, found 3 plugins.
Preloading 0 native plugins for Editor in 0.00 ms.
Initialize engine version: 2020.3.32f1 (12f8b0834f07)
[Subsystems] Discovering subsystems at path C:/Program Files/Unity/Hub/Editor/2020.3.32f1/Editor/Data/Resources/UnitySubsystems
[Subsystems] Discovering subsystems at path D:/Repos/Team_Project/My project/Assets
GfxDevice: creating device client; threaded=0
Direct3D:
    Version:  Direct3D 11.0 [level 11.1]
    Renderer: NVIDIA GeForce RTX 3070 Ti (ID=0x2482)
    Vendor:   
    VRAM:     8031 MB
    Driver:   31.0.15.2647
Initialize mono
Mono path[0] = 'C:/Program Files/Unity/Hub/Editor/2020.3.32f1/Editor/Data/Managed'
Mono path[1] = 'C:/Program Files/Unity/Hub/Editor/2020.3.32f1/Editor/Data/MonoBleedingEdge/lib/mono/unityjit'
Mono config path = 'C:/Program Files/Unity/Hub/Editor/2020.3.32f1/Editor/Data/MonoBleedingEdge/etc'
Using monoOptions --debugger-agent=transport=dt_socket,embedding=1,server=y,suspend=n,address=127.0.0.1:56632
Begin MonoManager ReloadAssembly
Registering precompiled unity dll's ...
Register platform support module: C:/Program Files/Unity/Hub/Editor/2020.3.32f1/Editor/Data/PlaybackEngines/WindowsStandaloneSupport/UnityEditor.WindowsStandalone.Extensions.dll
Registered in 0.001393 seconds.
Native extension for WindowsStandalone target not found
Refreshing native plugins compatible for Editor in 40.24 ms, found 3 plugins.
Preloading 0 native plugins for Editor in 0.00 ms.
Mono: successfully reloaded assembly
- Completed reload, in  0.388 seconds
Domain Reload Profiling:
	ReloadAssembly (388ms)
		BeginReloadAssembly (44ms)
			ExecutionOrderSort (0ms)
			DisableScriptedObjects (0ms)
			BackupInstance (0ms)
			ReleaseScriptingObjects (0ms)
			CreateAndSetChildDomain (1ms)
		EndReloadAssembly (296ms)
			LoadAssemblies (42ms)
			RebuildTransferFunctionScriptingTraits (0ms)
			SetupTypeCache (85ms)
			ReleaseScriptCaches (0ms)
			RebuildScriptCaches (18ms)
			SetupLoadedEditorAssemblies (126ms)
				LogAssemblyErrors (0ms)
				InitializePlatformSupportModulesInManaged (3ms)
				SetLoadedEditorAssemblies (0ms)
				RefreshPlugins (40ms)
				BeforeProcessingInitializeOnLoad (12ms)
				ProcessInitializeOnLoadAttributes (53ms)
				ProcessInitializeOnLoadMethodAttributes (18ms)
				AfterProcessingInitializeOnLoad (0ms)
				EditorAssembliesLoaded (0ms)
			ExecutionOrderSort2 (0ms)
			AwakeInstancesAfterBackupRestoration (0ms)
Platform modules already initialized, skipping
Registering precompiled user dll's ...
Registered in 0.001555 seconds.
Begin MonoManager ReloadAssembly
Native extension for WindowsStandalone target not found
Refreshing native plugins compatible for Editor in 35.70 ms, found 3 plugins.
Preloading 0 native plugins for Editor in 0.00 ms.
Mono: successfully reloaded assembly
- Completed reload, in  0.762 seconds
Domain Reload Profiling:
	ReloadAssembly (763ms)
		BeginReloadAssembly (98ms)
			ExecutionOrderSort (0ms)
			DisableScriptedObjects (3ms)
			BackupInstance (0ms)
			ReleaseScriptingObjects (0ms)
			CreateAndSetChildDomain (15ms)
		EndReloadAssembly (626ms)
			LoadAssemblies (65ms)
			RebuildTransferFunctionScriptingTraits (0ms)
			SetupTypeCache (182ms)
			ReleaseScriptCaches (1ms)
			RebuildScriptCaches (32ms)
			SetupLoadedEditorAssemblies (281ms)
				LogAssemblyErrors (0ms)
				InitializePlatformSupportModulesInManaged (3ms)
				SetLoadedEditorAssemblies (0ms)
				RefreshPlugins (36ms)
				BeforeProcessingInitializeOnLoad (57ms)
				ProcessInitializeOnLoadAttributes (170ms)
				ProcessInitializeOnLoadMethodAttributes (11ms)
				AfterProcessingInitializeOnLoad (5ms)
				EditorAssembliesLoaded (0ms)
			ExecutionOrderSort2 (0ms)
			AwakeInstancesAfterBackupRestoration (4ms)
Platform modules already initialized, skipping
========================================================================
Worker process is ready to serve import requests
Launched and connected shader compiler UnityShaderCompiler.exe after 0.03 seconds
Refreshing native plugins compatible for Editor in 0.61 ms, found 3 plugins.
Preloading 0 native plugins for Editor in 0.00 ms.
Unloading 2689 Unused Serialized files (Serialized files now loaded: 0)
System memory in use before: 115.4 MB.
System memory in use after: 115.5 MB.

Unloading 35 unused Assets to reduce memory usage. Loaded Objects now: 3121.
Total: 2.768800 ms (FindLiveObjects: 0.196600 ms CreateObjectMapping: 0.073800 ms MarkObjects: 2.376700 ms  DeleteObjects: 0.121000 ms)

AssetImportParameters requested are different than current active one (requested -> active):
  custom:framework-win-MediaFoundation: 216162199b28c13a410421893ffa2e32 -> 
  custom:video-decoder-ogg-theora: a1e56fd34408186e4bbccfd4996cb3dc -> 
  custom:container-muxer-webm: aa71ff27fc2769a1b78a27578f13a17b -> 
  custom:container-demuxer-webm: 4f35f7cbe854078d1ac9338744f61a02 -> 
  custom:container-demuxer-ogg: 62fdf1f143b41e24485cea50d1cbac27 -> 
  custom:video-encoder-webm-vp8: eb34c28f22e8b96e1ab97ce403110664 -> 
  custom:video-decoder-webm-vp8: 9c59270c3fd7afecdb556c50c9e8de78 -> 
  custom:audio-decoder-ogg-vorbis: bf7c407c2cedff20999df2af8eb42d56 -> 
  custom:audio-encoder-webm-vorbis: bf7c407c2cedff20999df2af8eb42d56 -> 
========================================================================
Received Import Request.
  path: Assets/Graphics/ts_overworld_43.asset
  artifactKey: Guid(e0fadb54fe249054180a98add62711fb) Importer(815301076,1909f56bfc062723c751e8b465ee728b)
Start importing Assets/Graphics/ts_overworld_43.asset using Guid(e0fadb54fe249054180a98add62711fb) Importer(815301076,1909f56bfc062723c751e8b465ee728b)  -> (artifact id: '854273d914da95a5aba25fa108a88033') in 0.056139 seconds 
========================================================================
Received Import Request.
  Time since last request: 0.000126 seconds.
  path: Assets/Characters/player_0.prefab
  artifactKey: Guid(d096e616cf9d8414e81981dff0c436aa) Importer(815301076,1909f56bfc062723c751e8b465ee728b)
Start importing Assets/Characters/player_0.prefab using Guid(d096e616cf9d8414e81981dff0c436aa) Importer(815301076,1909f56bfc062723c751e8b465ee728b)  -> (artifact id: '2df3762c9ec1c565629ae0e8ee390005') in 0.026233 seconds 
========================================================================
Received Import Request.
  Time since last request: 0.000112 seconds.
  path: Assets/Graphics/ts_overworld_16.asset
  artifactKey: Guid(cbfb4ad929784974980a28bffcd175da) Importer(815301076,1909f56bfc062723c751e8b465ee728b)
Start importing Assets/Graphics/ts_overworld_16.asset using Guid(cbfb4ad929784974980a28bffcd175da) Importer(815301076,1909f56bfc062723c751e8b465ee728b)  -> (artifact id: '50620d481493a34fed336c4ce87f8671') in 0.006955 seconds 
========================================================================
Received Import Request.
  Time since last request: 0.000117 seconds.
  path: Assets/Graphics/Base_map.prefab
  artifactKey: Guid(6fa46b4c85682e94bbd912afda75924e) Importer(815301076,1909f56bfc062723c751e8b465ee728b)
Start importing Assets/Graphics/Base_map.prefab using Guid(6fa46b4c85682e94bbd912afda75924e) Importer(815301076,1909f56bfc062723c751e8b465ee728b)  -> (artifact id: 'e8e083bcf94bd7775a07c8c9344a1996') in 0.021676 seconds 
========================================================================
Received Import Request.
  Time since last request: 0.000162 seconds.
  path: Assets/Graphics/ts_overworld_1.asset
  artifactKey: Guid(58b7672ff85db3c41bd597e6480f2c24) Importer(815301076,1909f56bfc062723c751e8b465ee728b)
Start importing Assets/Graphics/ts_overworld_1.asset using Guid(58b7672ff85db3c41bd597e6480f2c24) Importer(815301076,1909f56bfc062723c751e8b465ee728b)  -> (artifact id: '80ab832e8415358743225f015eff8fec') in 0.006170 seconds 
========================================================================
Received Import Request.
  Time since last request: 0.000100 seconds.
  path: Assets/Graphics/ts_overworld_17.asset
  artifactKey: Guid(097415fe87be5284d99f8a7ca560e82f) Importer(815301076,1909f56bfc062723c751e8b465ee728b)
Start importing Assets/Graphics/ts_overworld_17.asset using Guid(097415fe87be5284d99f8a7ca560e82f) Importer(815301076,1909f56bfc062723c751e8b465ee728b)  -> (artifact id: '897900ce611346b7e20482a1abe586bf') in 0.006606 seconds 
========================================================================
Received Import Request.
  Time since last request: 0.000116 seconds.
  path: Assets/Graphics/ts_overworld_10.asset
  artifactKey: Guid(9582eb1a002554047ac76ef91dc34aa4) Importer(815301076,1909f56bfc062723c751e8b465ee728b)
Start importing Assets/Graphics/ts_overworld_10.asset using Guid(9582eb1a002554047ac76ef91dc34aa4) Importer(815301076,1909f56bfc062723c751e8b465ee728b)  -> (artifact id: '6f4693282cac19195c55a318725785e6') in 0.006722 seconds 
========================================================================
Received Import Request.
  Time since last request: 0.000100 seconds.
  path: Assets/Graphics/ts_overworld_24.asset
  artifactKey: Guid(9511cb39fd75e8943b2deafacf949389) Importer(815301076,1909f56bfc062723c751e8b465ee728b)
Start importing Assets/Graphics/ts_overworld_24.asset using Guid(9511cb39fd75e8943b2deafacf949389) Importer(815301076,1909f56bfc062723c751e8b465ee728b)  -> (artifact id: '598b27195a790ec86effb427a931f8c0') in 0.006907 seconds 
========================================================================
Received Import Request.
  Time since last request: 0.000104 seconds.
  path: Assets/Graphics/ts_overworld_32.asset
  artifactKey: Guid(1365a2bc195ce7941a75fa91cc8d3521) Importer(815301076,1909f56bfc062723c751e8b465ee728b)
Start importing Assets/Graphics/ts_overworld_32.asset using Guid(1365a2bc195ce7941a75fa91cc8d3521) Importer(815301076,1909f56bfc062723c751e8b465ee728b)  -> (artifact id: '6fd58fc5199ea3b5f80070c53d973e29') in 0.006967 seconds 
========================================================================
Received Import Request.
  Time since last request: 0.000125 seconds.
  path: Assets/Graphics/ts_overworld_7.asset
  artifactKey: Guid(4242a1a8c8aed8448955be6ef18a05db) Importer(815301076,1909f56bfc062723c751e8b465ee728b)
Start importing Assets/Graphics/ts_overworld_7.asset using Guid(4242a1a8c8aed8448955be6ef18a05db) Importer(815301076,1909f56bfc062723c751e8b465ee728b)  -> (artifact id: 'ea19de5bd23fe19e42eb03e35955c95c') in 0.006480 seconds 
========================================================================
Received Import Request.
  Time since last request: 0.000094 seconds.
  path: Assets/Graphics/ts_overworld_39.asset
  artifactKey: Guid(1c41273a13c86944280d601a955e05d9) Importer(815301076,1909f56bfc062723c751e8b465ee728b)
Start importing Assets/Graphics/ts_overworld_39.asset using Guid(1c41273a13c86944280d601a955e05d9) Importer(815301076,1909f56bfc062723c751e8b465ee728b)  -> (artifact id: '36e47284a6213e936cb27aa8f7de87fa') in 0.006426 seconds 
========================================================================
Received Import Request.
  Time since last request: 0.000101 seconds.
  path: Assets/Graphics/ts_overworld_46.asset
  artifactKey: Guid(374aa19e43c01144589d4bedbca5a972) Importer(815301076,1909f56bfc062723c751e8b465ee728b)
Start importing Assets/Graphics/ts_overworld_46.asset using Guid(374aa19e43c01144589d4bedbca5a972) Importer(815301076,1909f56bfc062723c751e8b465ee728b)  -> (artifact id: 'fdb9da852e06e1350c6a35070da477c7') in 0.005975 seconds 
========================================================================
Received Import Request.
  Time since last request: 0.000096 seconds.
  path: Assets/Graphics/ts_overworld_47.asset
  artifactKey: Guid(48e445cfb7ccbfe49b18b1370382cec1) Importer(815301076,1909f56bfc062723c751e8b465ee728b)
Start importing Assets/Graphics/ts_overworld_47.asset using Guid(48e445cfb7ccbfe49b18b1370382cec1) Importer(815301076,1909f56bfc062723c751e8b465ee728b)  -> (artifact id: 'b1eca1d1ee799ae1e731df8974fd9a24') in 0.006216 seconds 
========================================================================
Received Import Request.
  Time since last request: 0.000112 seconds.
  path: Assets/Graphics/ts_overworld_20.asset
  artifactKey: Guid(f7306c4aa5c357d42b588b5f11c9146e) Importer(815301076,1909f56bfc062723c751e8b465ee728b)
Start importing Assets/Graphics/ts_overworld_20.asset using Guid(f7306c4aa5c357d42b588b5f11c9146e) Importer(815301076,1909f56bfc062723c751e8b465ee728b)  -> (artifact id: '95a567a802503d82ddbf0ad48cbaa541') in 0.006093 seconds 
========================================================================
Received Import Request.
  Time since last request: 0.000120 seconds.
  path: Assets/Graphics/ts_overworld_8.asset
  artifactKey: Guid(b48be90b86829014fa22cc7ff02ca7b7) Importer(815301076,1909f56bfc062723c751e8b465ee728b)
Start importing Assets/Graphics/ts_overworld_8.asset using Guid(b48be90b86829014fa22cc7ff02ca7b7) Importer(815301076,1909f56bfc062723c751e8b465ee728b)  -> (artifact id: 'baec473c24ab940229abc4306544cf7d') in 0.006492 seconds 
========================================================================
Received Import Request.
  Time since last request: 0.000099 seconds.
  path: Assets/Graphics/ts_overworld_33.asset
  artifactKey: Guid(e9d39f967934287498ebd8d4561de4fb) Importer(815301076,1909f56bfc062723c751e8b465ee728b)
Start importing Assets/Graphics/ts_overworld_33.asset using Guid(e9d39f967934287498ebd8d4561de4fb) Importer(815301076,1909f56bfc062723c751e8b465ee728b)  -> (artifact id: '9b99c78c4d50ba2ca98d259637e77931') in 0.006519 seconds 
========================================================================
Received Import Request.
  Time since last request: 0.000113 seconds.
  path: Assets/Graphics/ts_overworld_25.asset
  artifactKey: Guid(167be4d714db6d74cbe72790f1ec8df4) Importer(815301076,1909f56bfc062723c751e8b465ee728b)
Start importing Assets/Graphics/ts_overworld_25.asset using Guid(167be4d714db6d74cbe72790f1ec8df4) Importer(815301076,1909f56bfc062723c751e8b465ee728b)  -> (artifact id: 'cc5950443cdbeafcb001d5a6f05bb87d') in 0.006598 seconds 
========================================================================
Received Import Request.
  Time since last request: 0.000105 seconds.
  path: Assets/Graphics/ts_overworld_6.asset
  artifactKey: Guid(874e22640ce1ec548a185ed3a12de5c6) Importer(815301076,1909f56bfc062723c751e8b465ee728b)
Start importing Assets/Graphics/ts_overworld_6.asset using Guid(874e22640ce1ec548a185ed3a12de5c6) Importer(815301076,1909f56bfc062723c751e8b465ee728b)  -> (artifact id: '2f2116716d1ae799d0f060827b063888') in 0.007183 seconds 
========================================================================
Received Import Request.
  Time since last request: 0.000091 seconds.
  path: Assets/Graphics/ts_overworld_31.asset
  artifactKey: Guid(8db53c563bb49f24f928add3e6b397b8) Importer(815301076,1909f56bfc062723c751e8b465ee728b)
Start importing Assets/Graphics/ts_overworld_31.asset using Guid(8db53c563bb49f24f928add3e6b397b8) Importer(815301076,1909f56bfc062723c751e8b465ee728b)  -> (artifact id: '84a36db0ee5b1283417e9f0013801a19') in 0.005989 seconds 
========================================================================
Received Import Request.
  Time since last request: 0.000168 seconds.
  path: Assets/Graphics/ts_overworld_15.asset
  artifactKey: Guid(74f500ea97c605e449ee612a54f5cebc) Importer(815301076,1909f56bfc062723c751e8b465ee728b)
Start importing Assets/Graphics/ts_overworld_15.asset using Guid(74f500ea97c605e449ee612a54f5cebc) Importer(815301076,1909f56bfc062723c751e8b465ee728b)  -> (artifact id: 'a8afb84af5c59e3bebde6c1be8277116') in 0.006898 seconds 
========================================================================
Received Import Request.
  Time since last request: 0.000087 seconds.
  path: Assets/Graphics/ts_overworld_44.asset
  artifactKey: Guid(f86f02e7b55bdee4f852fdd4e281f3fe) Importer(815301076,1909f56bfc062723c751e8b465ee728b)
Start importing Assets/Graphics/ts_overworld_44.asset using Guid(f86f02e7b55bdee4f852fdd4e281f3fe) Importer(815301076,1909f56bfc062723c751e8b465ee728b)  -> (artifact id: '15960327221f5f9f7b0feaae94d67b30') in 0.006473 seconds 
========================================================================
Received Import Request.
  Time since last request: 0.000113 seconds.
  path: Assets/Graphics/ts_overworld_13.asset
  artifactKey: Guid(105e1249e67ef2a48a4058a80952bf7c) Importer(815301076,1909f56bfc062723c751e8b465ee728b)
Start importing Assets/Graphics/ts_overworld_13.asset using Guid(105e1249e67ef2a48a4058a80952bf7c) Importer(815301076,1909f56bfc062723c751e8b465ee728b)  -> (artifact id: 'b2c0298c605fd6bd80aabaa8b6eddb9b') in 0.006139 seconds 
========================================================================
Received Import Request.
  Time since last request: 0.000089 seconds.
  path: Assets/Graphics/ts_overworld_0.asset
  artifactKey: Guid(51dcb8f6b89326e4086640b8861c9afb) Importer(815301076,1909f56bfc062723c751e8b465ee728b)
Start importing Assets/Graphics/ts_overworld_0.asset using Guid(51dcb8f6b89326e4086640b8861c9afb) Importer(815301076,1909f56bfc062723c751e8b465ee728b)  -> (artifact id: 'af398ae0e0aaa95d19ae675b0dc570cf') in 0.006621 seconds 
========================================================================
Received Import Request.
  Time since last request: 0.000116 seconds.
  path: Assets/Graphics/ts_overworld_27.asset
  artifactKey: Guid(74333354a41d6f44e8a4bfdabcc8be52) Importer(815301076,1909f56bfc062723c751e8b465ee728b)
Start importing Assets/Graphics/ts_overworld_27.asset using Guid(74333354a41d6f44e8a4bfdabcc8be52) Importer(815301076,1909f56bfc062723c751e8b465ee728b)  -> (artifact id: 'bfa09cc8c8011602955e7f22a3c94f5f') in 0.006946 seconds 
========================================================================
Received Import Request.
  Time since last request: 0.000099 seconds.
  path: Assets/Graphics/ts_overworld_3.asset
  artifactKey: Guid(8cf0a07c0b89a1f4393aa1edfe81bcca) Importer(815301076,1909f56bfc062723c751e8b465ee728b)
Start importing Assets/Graphics/ts_overworld_3.asset using Guid(8cf0a07c0b89a1f4393aa1edfe81bcca) Importer(815301076,1909f56bfc062723c751e8b465ee728b)  -> (artifact id: '693e62db1155ab7f83086e847e13a1c4') in 0.006040 seconds 
========================================================================
Received Import Request.
  Time since last request: 0.000092 seconds.
  path: Assets/Graphics/ts_overworld_23.asset
  artifactKey: Guid(0cd3863bc8efad743a2d35b7a3631f5e) Importer(815301076,1909f56bfc062723c751e8b465ee728b)
Start importing Assets/Graphics/ts_overworld_23.asset using Guid(0cd3863bc8efad743a2d35b7a3631f5e) Importer(815301076,1909f56bfc062723c751e8b465ee728b)  -> (artifact id: 'e779080e1964d94b8cb4dd450bde43f9') in 0.006360 seconds 
========================================================================
Received Import Request.
  Time since last request: 0.000093 seconds.
  path: Assets/Graphics/ts_overworld_22.asset
  artifactKey: Guid(8d4cf75020c47404fb322da070ce50f8) Importer(815301076,1909f56bfc062723c751e8b465ee728b)
Start importing Assets/Graphics/ts_overworld_22.asset using Guid(8d4cf75020c47404fb322da070ce50f8) Importer(815301076,1909f56bfc062723c751e8b465ee728b)  -> (artifact id: '51945a222b7d786477b117a5c54cc470') in 0.005950 seconds 
========================================================================
Received Import Request.
  Time since last request: 0.000096 seconds.
  path: Assets/Graphics/ts_overworld_42.asset
  artifactKey: Guid(633dc19563bd92f4cabc811f67e5067e) Importer(815301076,1909f56bfc062723c751e8b465ee728b)
Start importing Assets/Graphics/ts_overworld_42.asset using Guid(633dc19563bd92f4cabc811f67e5067e) Importer(815301076,1909f56bfc062723c751e8b465ee728b)  -> (artifact id: 'e8e8d71036c0c33b70152a6f862496c6') in 0.006372 seconds 
========================================================================
Received Import Request.
  Time since last request: 0.000112 seconds.
  path: Assets/Graphics/ts_overworld_40.asset
  artifactKey: Guid(81d1336aaa0eebc4c9178abda2028330) Importer(815301076,1909f56bfc062723c751e8b465ee728b)
Start importing Assets/Graphics/ts_overworld_40.asset using Guid(81d1336aaa0eebc4c9178abda2028330) Importer(815301076,1909f56bfc062723c751e8b465ee728b)  -> (artifact id: '9542269caf4f1a6bd3a2199894fff621') in 0.006343 seconds 
========================================================================
Received Import Request.
  Time since last request: 0.000095 seconds.
  path: Assets/Graphics/ts_overworld_30.asset
  artifactKey: Guid(47097676c42f4d345901c9eb4d74e918) Importer(815301076,1909f56bfc062723c751e8b465ee728b)
Start importing Assets/Graphics/ts_overworld_30.asset using Guid(47097676c42f4d345901c9eb4d74e918) Importer(815301076,1909f56bfc062723c751e8b465ee728b)  -> (artifact id: '5bd50c7668d81719ecd80a4918ae4818') in 0.006306 seconds 
========================================================================
Received Import Request.
  Time since last request: 0.000095 seconds.
  path: Assets/Graphics/ts_overworld_5.asset
  artifactKey: Guid(92cd49629508dd347bb30d9eb8123339) Importer(815301076,1909f56bfc062723c751e8b465ee728b)
Start importing Assets/Graphics/ts_overworld_5.asset using Guid(92cd49629508dd347bb30d9eb8123339) Importer(815301076,1909f56bfc062723c751e8b465ee728b)  -> (artifact id: '186fbaafdf47ea705dab2943643c01f8') in 0.006408 seconds 
========================================================================
Received Import Request.
  Time since last request: 0.000094 seconds.
  path: Assets/Graphics/ts_overworld_19.asset
  artifactKey: Guid(38561b2bf62112d4b940ed18be189152) Importer(815301076,1909f56bfc062723c751e8b465ee728b)
Start importing Assets/Graphics/ts_overworld_19.asset using Guid(38561b2bf62112d4b940ed18be189152) Importer(815301076,1909f56bfc062723c751e8b465ee728b)  -> (artifact id: '0e064d50d23a234ffd3d223c39ed3ea9') in 0.006129 seconds 
========================================================================
Received Import Request.
  Time since last request: 0.000110 seconds.
  path: Assets/Graphics/ts_overworld_41.asset
  artifactKey: Guid(5639f1e7341c3c5468677696cea9191d) Importer(815301076,1909f56bfc062723c751e8b465ee728b)
Start importing Assets/Graphics/ts_overworld_41.asset using Guid(5639f1e7341c3c5468677696cea9191d) Importer(815301076,1909f56bfc062723c751e8b465ee728b)  -> (artifact id: '6d96f4bfc7a8e0932d6980e45bfc9be3') in 0.006733 seconds 
========================================================================
Received Import Request.
  Time since last request: 0.000098 seconds.
  path: Assets/Graphics/ts_overworld_26.asset
  artifactKey: Guid(efd5edb686f27244b8056256f7b30bff) Importer(815301076,1909f56bfc062723c751e8b465ee728b)
Start importing Assets/Graphics/ts_overworld_26.asset using Guid(efd5edb686f27244b8056256f7b30bff) Importer(815301076,1909f56bfc062723c751e8b465ee728b)  -> (artifact id: 'fc298f1b48bf430bcd6b663ea8c46ce8') in 0.006136 seconds 
========================================================================
Received Import Request.
  Time since last request: 0.000106 seconds.
  path: Assets/Graphics/ts_overworld_9.asset
  artifactKey: Guid(b58282de2c91f5647bdeb90824aa4b26) Importer(815301076,1909f56bfc062723c751e8b465ee728b)
Start importing Assets/Graphics/ts_overworld_9.asset using Guid(b58282de2c91f5647bdeb90824aa4b26) Importer(815301076,1909f56bfc062723c751e8b465ee728b)  -> (artifact id: '822e2350dd06c106d571878921886f1b') in 0.006308 seconds 
========================================================================
Received Import Request.
  Time since last request: 0.000096 seconds.
  path: Assets/Characters/PlayerInputActions.inputactions
  artifactKey: Guid(97fd1b964071fd448991711119562710) Importer(815301076,1909f56bfc062723c751e8b465ee728b)
Start importing Assets/Characters/PlayerInputActions.inputactions using Guid(97fd1b964071fd448991711119562710) Importer(815301076,1909f56bfc062723c751e8b465ee728b)  -> (artifact id: 'fdeb35b8848747d1af4ad767d81b6c03') in 0.009838 seconds 
========================================================================
Received Import Request.
  Time since last request: 0.000105 seconds.
  path: Assets/Graphics/ts_overworld_34.asset
  artifactKey: Guid(fc39526783582e147b8e75e89468e081) Importer(815301076,1909f56bfc062723c751e8b465ee728b)
Start importing Assets/Graphics/ts_overworld_34.asset using Guid(fc39526783582e147b8e75e89468e081) Importer(815301076,1909f56bfc062723c751e8b465ee728b)  -> (artifact id: 'af5caa76bfa0bc8e32f72a9ec1527f9a') in 0.006599 seconds 
========================================================================
Received Import Request.
  Time since last request: 0.000109 seconds.
  path: Assets/Graphics/ts_overworld_37.asset
  artifactKey: Guid(aeabeaade43cf214da77eee386410075) Importer(815301076,1909f56bfc062723c751e8b465ee728b)
Start importing Assets/Graphics/ts_overworld_37.asset using Guid(aeabeaade43cf214da77eee386410075) Importer(815301076,1909f56bfc062723c751e8b465ee728b)  -> (artifact id: '4e8f7b85f1d6a3ccf64f12257506c1f3') in 0.006280 seconds 
========================================================================
Received Import Request.
  Time since last request: 0.000101 seconds.
  path: Assets/Graphics/ts_overworld_11.asset
  artifactKey: Guid(26b98ca24749bf742b555a87b9464d2d) Importer(815301076,1909f56bfc062723c751e8b465ee728b)
Start importing Assets/Graphics/ts_overworld_11.asset using Guid(26b98ca24749bf742b555a87b9464d2d) Importer(815301076,1909f56bfc062723c751e8b465ee728b)  -> (artifact id: '59d8c47f5fa1200342ebdb96fa798dbf') in 0.006103 seconds 
========================================================================
Received Import Request.
  Time since last request: 0.000113 seconds.
  path: Assets/Graphics/ts_overworld_21.asset
  artifactKey: Guid(08ddd8a4df4ebf3429e885fe044c52ea) Importer(815301076,1909f56bfc062723c751e8b465ee728b)
Start importing Assets/Graphics/ts_overworld_21.asset using Guid(08ddd8a4df4ebf3429e885fe044c52ea) Importer(815301076,1909f56bfc062723c751e8b465ee728b)  -> (artifact id: '861b005f53040558ab6068c4d184e64f') in 0.007605 seconds 
========================================================================
Received Import Request.
  Time since last request: 0.000104 seconds.
  path: Assets/Graphics/ts_overworld_35.asset
  artifactKey: Guid(e0e8246e715e59a4999a24415cf32a4a) Importer(815301076,1909f56bfc062723c751e8b465ee728b)
Start importing Assets/Graphics/ts_overworld_35.asset using Guid(e0e8246e715e59a4999a24415cf32a4a) Importer(815301076,1909f56bfc062723c751e8b465ee728b)  -> (artifact id: '06536b3696bed12c5df369b5b79b1c10') in 0.006414 seconds 
========================================================================
Received Import Request.
  Time since last request: 0.000108 seconds.
  path: Assets/Graphics/ts_overworld_18.asset
  artifactKey: Guid(e11434da269875743b8ce25cb77341f2) Importer(815301076,1909f56bfc062723c751e8b465ee728b)
Start importing Assets/Graphics/ts_overworld_18.asset using Guid(e11434da269875743b8ce25cb77341f2) Importer(815301076,1909f56bfc062723c751e8b465ee728b)  -> (artifact id: 'c1a28294c1f8e683b68df251255ed12a') in 0.006052 seconds 
========================================================================
Received Import Request.
  Time since last request: 0.000101 seconds.
  path: Assets/Graphics/ts_overworld_12.asset
  artifactKey: Guid(95db6ccb7d544fa4ba2a2ea5e75e8ddf) Importer(815301076,1909f56bfc062723c751e8b465ee728b)
Start importing Assets/Graphics/ts_overworld_12.asset using Guid(95db6ccb7d544fa4ba2a2ea5e75e8ddf) Importer(815301076,1909f56bfc062723c751e8b465ee728b)  -> (artifact id: '6be0ccc1f17c41e9517336c967618537') in 0.006148 seconds 
========================================================================
Received Import Request.
  Time since last request: 0.000106 seconds.
  path: Assets/Graphics/ts_overworld_29.asset
  artifactKey: Guid(84b98228314abb441bed62d5fc22351f) Importer(815301076,1909f56bfc062723c751e8b465ee728b)
Start importing Assets/Graphics/ts_overworld_29.asset using Guid(84b98228314abb441bed62d5fc22351f) Importer(815301076,1909f56bfc062723c751e8b465ee728b)  -> (artifact id: '1e494bb4beb2491eb00a0f517a6371b3') in 0.005977 seconds 
========================================================================
Received Import Request.
  Time since last request: 0.000105 seconds.
  path: Assets/Graphics/ts_overworld_38.asset
  artifactKey: Guid(ee6aa2c8f1d5a69409cda943ae0812f1) Importer(815301076,1909f56bfc062723c751e8b465ee728b)
Start importing Assets/Graphics/ts_overworld_38.asset using Guid(ee6aa2c8f1d5a69409cda943ae0812f1) Importer(815301076,1909f56bfc062723c751e8b465ee728b)  -> (artifact id: 'bc735f1119f52d0ef89041e6f2f632d1') in 0.006239 seconds 
========================================================================
Received Import Request.
  Time since last request: 0.000104 seconds.
  path: Assets/Graphics/ts_overworld_4.asset
  artifactKey: Guid(b13754b35770fcb4893a9c19287aa5c0) Importer(815301076,1909f56bfc062723c751e8b465ee728b)
Start importing Assets/Graphics/ts_overworld_4.asset using Guid(b13754b35770fcb4893a9c19287aa5c0) Importer(815301076,1909f56bfc062723c751e8b465ee728b)  -> (artifact id: 'f3051907aba371caa563788d971804a4') in 0.006157 seconds 
========================================================================
Received Import Request.
  Time since last request: 0.000125 seconds.
  path: Assets/Graphics/ts_overworld_48.asset
  artifactKey: Guid(c1f28cefc6b3b3e4da749f37e5d4261c) Importer(815301076,1909f56bfc062723c751e8b465ee728b)
Start importing Assets/Graphics/ts_overworld_48.asset using Guid(c1f28cefc6b3b3e4da749f37e5d4261c) Importer(815301076,1909f56bfc062723c751e8b465ee728b)  -> (artifact id: '684246a6ec553e42e92083c0b7b69967') in 0.006032 seconds 
========================================================================
Received Import Request.
  Time since last request: 0.000234 seconds.
  path: Assets/Graphics/ts_overworld_14.asset
  artifactKey: Guid(e0ad97515f4c2154080b53e5e8b337a7) Importer(815301076,1909f56bfc062723c751e8b465ee728b)
Start importing Assets/Graphics/ts_overworld_14.asset using Guid(e0ad97515f4c2154080b53e5e8b337a7) Importer(815301076,1909f56bfc062723c751e8b465ee728b)  -> (artifact id: 'd26c2154e29da1fdf8965cdd4d5ff343') in 0.006444 seconds 
========================================================================
Received Import Request.
  Time since last request: 0.000104 seconds.
  path: Assets/Graphics/ts_overworld_45.asset
  artifactKey: Guid(926f2214c615a094b90e8981354c2f92) Importer(815301076,1909f56bfc062723c751e8b465ee728b)
Start importing Assets/Graphics/ts_overworld_45.asset using Guid(926f2214c615a094b90e8981354c2f92) Importer(815301076,1909f56bfc062723c751e8b465ee728b)  -> (artifact id: '70479a862b3ad208b7cdebde1e299024') in 0.006856 seconds 
========================================================================
Received Import Request.
  Time since last request: 0.000105 seconds.
  path: Assets/Graphics/ts_overworld_36.asset
  artifactKey: Guid(a9cd1220278ae5f49b25617749e812a7) Importer(815301076,1909f56bfc062723c751e8b465ee728b)
Start importing Assets/Graphics/ts_overworld_36.asset using Guid(a9cd1220278ae5f49b25617749e812a7) Importer(815301076,1909f56bfc062723c751e8b465ee728b)  -> (artifact id: 'eb1cce997aa3671a4b43aea396948314') in 0.007110 seconds 
========================================================================
Received Import Request.
  Time since last request: 0.000103 seconds.
  path: Assets/Graphics/ts_overworld_28.asset
  artifactKey: Guid(881d0a83fcebb104d9497cb07ed6ed62) Importer(815301076,1909f56bfc062723c751e8b465ee728b)
Start importing Assets/Graphics/ts_overworld_28.asset using Guid(881d0a83fcebb104d9497cb07ed6ed62) Importer(815301076,1909f56bfc062723c751e8b465ee728b)  -> (artifact id: '7093aa47d92b4255e92fba0045e8b054') in 0.006425 seconds 
========================================================================
Received Import Request.
  Time since last request: 0.000117 seconds.
  path: Assets/Graphics/ts_overworld_2.asset
  artifactKey: Guid(bc3477655fccbd74597eb7b881e59dae) Importer(815301076,1909f56bfc062723c751e8b465ee728b)
Start importing Assets/Graphics/ts_overworld_2.asset using Guid(bc3477655fccbd74597eb7b881e59dae) Importer(815301076,1909f56bfc062723c751e8b465ee728b)  -> (artifact id: '898b5ab3c9bb8a1160f7afe718ead608') in 0.008831 seconds 
========================================================================
Received Import Request.
  Time since last request: 4.376630 seconds.
  path: Assets/Characters/characters
  artifactKey: Guid(7bba3d3fc80f1bc4896ac17da66024cc) Importer(815301076,1909f56bfc062723c751e8b465ee728b)
Start importing Assets/Characters/characters using Guid(7bba3d3fc80f1bc4896ac17da66024cc) Importer(815301076,1909f56bfc062723c751e8b465ee728b)  -> (artifact id: 'c7c05271b011eb91987b6df0d0c22d52') in 0.004223 seconds 
========================================================================
Received Import Request.
  Time since last request: 0.045153 seconds.
  path: Assets/Characters/characters/player.png
  artifactKey: Guid(4ecca6babd434024981a9c418ca49ae5) Importer(815301076,1909f56bfc062723c751e8b465ee728b)
Start importing Assets/Characters/characters/player.png using Guid(4ecca6babd434024981a9c418ca49ae5) Importer(815301076,1909f56bfc062723c751e8b465ee728b)  -> (artifact id: 'b751b68badc18c15ede151d0b869450b') in 0.064888 seconds 
========================================================================
Received Import Request.
  Time since last request: 0.000116 seconds.
  path: Assets/Characters/characters/slime.png
  artifactKey: Guid(3160c370d0fc5e84380b4a4d322bff75) Importer(815301076,1909f56bfc062723c751e8b465ee728b)
Start importing Assets/Characters/characters/slime.png using Guid(3160c370d0fc5e84380b4a4d322bff75) Importer(815301076,1909f56bfc062723c751e8b465ee728b)  -> (artifact id: 'fe26f786b1eda9982e4235e8719fc3b6') in 0.011084 seconds 
========================================================================
Received Import Request.
  Time since last request: 0.724253 seconds.
  path: Assets/Characters/characters/Walk.anim
  artifactKey: Guid(4260b589223ea454c888f80f1c158253) Importer(815301076,1909f56bfc062723c751e8b465ee728b)
Start importing Assets/Characters/characters/Walk.anim using Guid(4260b589223ea454c888f80f1c158253) Importer(815301076,1909f56bfc062723c751e8b465ee728b)  -> (artifact id: '005b399aba4e86d0d4e2c9f418373374') in 0.005799 seconds 
========================================================================
Received Prepare
Refreshing native plugins compatible for Editor in 2.40 ms, found 3 plugins.
Preloading 0 native plugins for Editor in 0.00 ms.
Unloading 19 Unused Serialized files (Serialized files now loaded: 0)
System memory in use before: 65.8 MB.
System memory in use after: 65.9 MB.

Unloading 19 unused Assets to reduce memory usage. Loaded Objects now: 3157.
Total: 2.995300 ms (FindLiveObjects: 0.224600 ms CreateObjectMapping: 0.055900 ms MarkObjects: 2.631000 ms  DeleteObjects: 0.083400 ms)

AssetImportParameters requested are different than current active one (requested -> active):
  custom:framework-win-MediaFoundation: 216162199b28c13a410421893ffa2e32 -> 
  custom:video-decoder-ogg-theora: a1e56fd34408186e4bbccfd4996cb3dc -> 
  custom:container-muxer-webm: aa71ff27fc2769a1b78a27578f13a17b -> 
  custom:container-demuxer-webm: 4f35f7cbe854078d1ac9338744f61a02 -> 
  custom:container-demuxer-ogg: 62fdf1f143b41e24485cea50d1cbac27 -> 
  custom:video-encoder-webm-vp8: eb34c28f22e8b96e1ab97ce403110664 -> 
  custom:video-decoder-webm-vp8: 9c59270c3fd7afecdb556c50c9e8de78 -> 
  custom:audio-decoder-ogg-vorbis: bf7c407c2cedff20999df2af8eb42d56 -> 
  custom:audio-encoder-webm-vorbis: bf7c407c2cedff20999df2af8eb42d56 -> 
========================================================================
Received Prepare
Registering precompiled user dll's ...
Registered in 0.001574 seconds.
Begin MonoManager ReloadAssembly
Native extension for WindowsStandalone target not found
Refreshing native plugins compatible for Editor in 0.61 ms, found 3 plugins.
Preloading 0 native plugins for Editor in 0.00 ms.
Mono: successfully reloaded assembly
- Completed reload, in  0.702 seconds
Domain Reload Profiling:
	ReloadAssembly (702ms)
		BeginReloadAssembly (90ms)
			ExecutionOrderSort (0ms)
			DisableScriptedObjects (4ms)
			BackupInstance (0ms)
			ReleaseScriptingObjects (0ms)
			CreateAndSetChildDomain (29ms)
		EndReloadAssembly (573ms)
			LoadAssemblies (63ms)
			RebuildTransferFunctionScriptingTraits (0ms)
			SetupTypeCache (185ms)
			ReleaseScriptCaches (1ms)
			RebuildScriptCaches (26ms)
			SetupLoadedEditorAssemblies (233ms)
				LogAssemblyErrors (0ms)
				InitializePlatformSupportModulesInManaged (2ms)
				SetLoadedEditorAssemblies (0ms)
				RefreshPlugins (1ms)
				BeforeProcessingInitializeOnLoad (57ms)
				ProcessInitializeOnLoadAttributes (160ms)
				ProcessInitializeOnLoadMethodAttributes (7ms)
				AfterProcessingInitializeOnLoad (5ms)
				EditorAssembliesLoaded (0ms)
			ExecutionOrderSort2 (0ms)
			AwakeInstancesAfterBackupRestoration (6ms)
Platform modules already initialized, skipping
Refreshing native plugins compatible for Editor in 0.44 ms, found 3 plugins.
Preloading 0 native plugins for Editor in 0.00 ms.
Unloading 2682 Unused Serialized files (Serialized files now loaded: 0)
System memory in use before: 118.5 MB.
System memory in use after: 118.6 MB.

Unloading 22 unused Assets to reduce memory usage. Loaded Objects now: 3160.
Total: 3.638100 ms (FindLiveObjects: 0.228500 ms CreateObjectMapping: 0.074500 ms MarkObjects: 3.224800 ms  DeleteObjects: 0.109300 ms)

AssetImportParameters requested are different than current active one (requested -> active):
  custom:framework-win-MediaFoundation: 216162199b28c13a410421893ffa2e32 -> 
  custom:video-decoder-ogg-theora: a1e56fd34408186e4bbccfd4996cb3dc -> 
  custom:container-muxer-webm: aa71ff27fc2769a1b78a27578f13a17b -> 
  custom:container-demuxer-webm: 4f35f7cbe854078d1ac9338744f61a02 -> 
  custom:container-demuxer-ogg: 62fdf1f143b41e24485cea50d1cbac27 -> 
  custom:video-encoder-webm-vp8: eb34c28f22e8b96e1ab97ce403110664 -> 
  custom:video-decoder-webm-vp8: 9c59270c3fd7afecdb556c50c9e8de78 -> 
  custom:audio-decoder-ogg-vorbis: bf7c407c2cedff20999df2af8eb42d56 -> 
  custom:audio-encoder-webm-vorbis: bf7c407c2cedff20999df2af8eb42d56 -> 
========================================================================
Received Prepare
Registering precompiled user dll's ...
Registered in 0.001524 seconds.
Begin MonoManager ReloadAssembly
Native extension for WindowsStandalone target not found
Refreshing native plugins compatible for Editor in 0.59 ms, found 3 plugins.
Preloading 0 native plugins for Editor in 0.00 ms.
Mono: successfully reloaded assembly
- Completed reload, in  0.679 seconds
Domain Reload Profiling:
	ReloadAssembly (679ms)
		BeginReloadAssembly (86ms)
			ExecutionOrderSort (0ms)
			DisableScriptedObjects (4ms)
			BackupInstance (0ms)
			ReleaseScriptingObjects (0ms)
			CreateAndSetChildDomain (27ms)
		EndReloadAssembly (554ms)
			LoadAssemblies (64ms)
			RebuildTransferFunctionScriptingTraits (0ms)
			SetupTypeCache (179ms)
			ReleaseScriptCaches (1ms)
			RebuildScriptCaches (27ms)
			SetupLoadedEditorAssemblies (228ms)
				LogAssemblyErrors (0ms)
				InitializePlatformSupportModulesInManaged (3ms)
				SetLoadedEditorAssemblies (0ms)
				RefreshPlugins (1ms)
				BeforeProcessingInitializeOnLoad (53ms)
				ProcessInitializeOnLoadAttributes (158ms)
				ProcessInitializeOnLoadMethodAttributes (7ms)
				AfterProcessingInitializeOnLoad (5ms)
				EditorAssembliesLoaded (0ms)
			ExecutionOrderSort2 (0ms)
			AwakeInstancesAfterBackupRestoration (6ms)
Platform modules already initialized, skipping
Refreshing native plugins compatible for Editor in 0.56 ms, found 3 plugins.
Preloading 0 native plugins for Editor in 0.00 ms.
Unloading 2682 Unused Serialized files (Serialized files now loaded: 0)
System memory in use before: 118.6 MB.
System memory in use after: 118.6 MB.

Unloading 22 unused Assets to reduce memory usage. Loaded Objects now: 3163.
Total: 2.843300 ms (FindLiveObjects: 0.185000 ms CreateObjectMapping: 0.077100 ms MarkObjects: 2.505500 ms  DeleteObjects: 0.075100 ms)

AssetImportParameters requested are different than current active one (requested -> active):
  custom:framework-win-MediaFoundation: 216162199b28c13a410421893ffa2e32 -> 
  custom:video-decoder-ogg-theora: a1e56fd34408186e4bbccfd4996cb3dc -> 
  custom:container-muxer-webm: aa71ff27fc2769a1b78a27578f13a17b -> 
  custom:container-demuxer-webm: 4f35f7cbe854078d1ac9338744f61a02 -> 
  custom:container-demuxer-ogg: 62fdf1f143b41e24485cea50d1cbac27 -> 
  custom:video-encoder-webm-vp8: eb34c28f22e8b96e1ab97ce403110664 -> 
  custom:video-decoder-webm-vp8: 9c59270c3fd7afecdb556c50c9e8de78 -> 
  custom:audio-decoder-ogg-vorbis: bf7c407c2cedff20999df2af8eb42d56 -> 
  custom:audio-encoder-webm-vorbis: bf7c407c2cedff20999df2af8eb42d56 -> 
========================================================================
Received Prepare
Registering precompiled user dll's ...
Registered in 0.001609 seconds.
Begin MonoManager ReloadAssembly
Native extension for WindowsStandalone target not found
Refreshing native plugins compatible for Editor in 0.61 ms, found 3 plugins.
Preloading 0 native plugins for Editor in 0.00 ms.
Mono: successfully reloaded assembly
- Completed reload, in  0.674 seconds
Domain Reload Profiling:
	ReloadAssembly (674ms)
		BeginReloadAssembly (85ms)
			ExecutionOrderSort (0ms)
			DisableScriptedObjects (4ms)
			BackupInstance (0ms)
			ReleaseScriptingObjects (0ms)
			CreateAndSetChildDomain (27ms)
		EndReloadAssembly (549ms)
			LoadAssemblies (61ms)
			RebuildTransferFunctionScriptingTraits (0ms)
			SetupTypeCache (176ms)
			ReleaseScriptCaches (1ms)
			RebuildScriptCaches (27ms)
			SetupLoadedEditorAssemblies (226ms)
				LogAssemblyErrors (0ms)
				InitializePlatformSupportModulesInManaged (3ms)
				SetLoadedEditorAssemblies (0ms)
				RefreshPlugins (1ms)
				BeforeProcessingInitializeOnLoad (52ms)
				ProcessInitializeOnLoadAttributes (158ms)
				ProcessInitializeOnLoadMethodAttributes (7ms)
				AfterProcessingInitializeOnLoad (5ms)
				EditorAssembliesLoaded (0ms)
			ExecutionOrderSort2 (0ms)
			AwakeInstancesAfterBackupRestoration (6ms)
Platform modules already initialized, skipping
Refreshing native plugins compatible for Editor in 0.44 ms, found 3 plugins.
Preloading 0 native plugins for Editor in 0.00 ms.
Unloading 2682 Unused Serialized files (Serialized files now loaded: 0)
System memory in use before: 118.7 MB.
System memory in use after: 118.8 MB.

Unloading 22 unused Assets to reduce memory usage. Loaded Objects now: 3166.
Total: 2.831400 ms (FindLiveObjects: 0.186000 ms CreateObjectMapping: 0.074800 ms MarkObjects: 2.421500 ms  DeleteObjects: 0.148600 ms)

AssetImportParameters requested are different than current active one (requested -> active):
  custom:framework-win-MediaFoundation: 216162199b28c13a410421893ffa2e32 -> 
  custom:video-decoder-ogg-theora: a1e56fd34408186e4bbccfd4996cb3dc -> 
  custom:container-muxer-webm: aa71ff27fc2769a1b78a27578f13a17b -> 
  custom:container-demuxer-webm: 4f35f7cbe854078d1ac9338744f61a02 -> 
  custom:container-demuxer-ogg: 62fdf1f143b41e24485cea50d1cbac27 -> 
  custom:video-encoder-webm-vp8: eb34c28f22e8b96e1ab97ce403110664 -> 
  custom:video-decoder-webm-vp8: 9c59270c3fd7afecdb556c50c9e8de78 -> 
  custom:audio-decoder-ogg-vorbis: bf7c407c2cedff20999df2af8eb42d56 -> 
  custom:audio-encoder-webm-vorbis: bf7c407c2cedff20999df2af8eb42d56 -> 
========================================================================
Received Prepare
Registering precompiled user dll's ...
Registered in 0.001853 seconds.
Begin MonoManager ReloadAssembly
Native extension for WindowsStandalone target not found
Refreshing native plugins compatible for Editor in 0.62 ms, found 3 plugins.
Preloading 0 native plugins for Editor in 0.00 ms.
Mono: successfully reloaded assembly
- Completed reload, in  0.679 seconds
Domain Reload Profiling:
	ReloadAssembly (679ms)
		BeginReloadAssembly (89ms)
			ExecutionOrderSort (0ms)
			DisableScriptedObjects (4ms)
			BackupInstance (0ms)
			ReleaseScriptingObjects (0ms)
			CreateAndSetChildDomain (28ms)
		EndReloadAssembly (550ms)
			LoadAssemblies (63ms)
			RebuildTransferFunctionScriptingTraits (0ms)
			SetupTypeCache (178ms)
			ReleaseScriptCaches (1ms)
			RebuildScriptCaches (26ms)
			SetupLoadedEditorAssemblies (226ms)
				LogAssemblyErrors (0ms)
				InitializePlatformSupportModulesInManaged (2ms)
				SetLoadedEditorAssemblies (0ms)
				RefreshPlugins (1ms)
				BeforeProcessingInitializeOnLoad (52ms)
				ProcessInitializeOnLoadAttributes (158ms)
				ProcessInitializeOnLoadMethodAttributes (7ms)
				AfterProcessingInitializeOnLoad (5ms)
				EditorAssembliesLoaded (0ms)
			ExecutionOrderSort2 (0ms)
			AwakeInstancesAfterBackupRestoration (6ms)
Platform modules already initialized, skipping
Refreshing native plugins compatible for Editor in 0.41 ms, found 3 plugins.
Preloading 0 native plugins for Editor in 0.00 ms.
Unloading 2682 Unused Serialized files (Serialized files now loaded: 0)
System memory in use before: 118.7 MB.
System memory in use after: 118.8 MB.

Unloading 22 unused Assets to reduce memory usage. Loaded Objects now: 3169.
Total: 2.898900 ms (FindLiveObjects: 0.208400 ms CreateObjectMapping: 0.096400 ms MarkObjects: 2.480100 ms  DeleteObjects: 0.113300 ms)

AssetImportParameters requested are different than current active one (requested -> active):
  custom:framework-win-MediaFoundation: 216162199b28c13a410421893ffa2e32 -> 
  custom:video-decoder-ogg-theora: a1e56fd34408186e4bbccfd4996cb3dc -> 
  custom:container-muxer-webm: aa71ff27fc2769a1b78a27578f13a17b -> 
  custom:container-demuxer-webm: 4f35f7cbe854078d1ac9338744f61a02 -> 
  custom:container-demuxer-ogg: 62fdf1f143b41e24485cea50d1cbac27 -> 
  custom:video-encoder-webm-vp8: eb34c28f22e8b96e1ab97ce403110664 -> 
  custom:video-decoder-webm-vp8: 9c59270c3fd7afecdb556c50c9e8de78 -> 
  custom:audio-decoder-ogg-vorbis: bf7c407c2cedff20999df2af8eb42d56 -> 
  custom:audio-encoder-webm-vorbis: bf7c407c2cedff20999df2af8eb42d56 -> 
========================================================================
Received Prepare
Registering precompiled user dll's ...
Registered in 0.001593 seconds.
Begin MonoManager ReloadAssembly
Native extension for WindowsStandalone target not found
Refreshing native plugins compatible for Editor in 0.58 ms, found 3 plugins.
Preloading 0 native plugins for Editor in 0.00 ms.
Mono: successfully reloaded assembly
- Completed reload, in  0.666 seconds
Domain Reload Profiling:
	ReloadAssembly (667ms)
		BeginReloadAssembly (85ms)
			ExecutionOrderSort (0ms)
			DisableScriptedObjects (4ms)
			BackupInstance (0ms)
			ReleaseScriptingObjects (0ms)
			CreateAndSetChildDomain (25ms)
		EndReloadAssembly (543ms)
			LoadAssemblies (65ms)
			RebuildTransferFunctionScriptingTraits (0ms)
			SetupTypeCache (173ms)
			ReleaseScriptCaches (1ms)
			RebuildScriptCaches (26ms)
			SetupLoadedEditorAssemblies (225ms)
				LogAssemblyErrors (0ms)
				InitializePlatformSupportModulesInManaged (2ms)
				SetLoadedEditorAssemblies (0ms)
				RefreshPlugins (1ms)
				BeforeProcessingInitializeOnLoad (51ms)
				ProcessInitializeOnLoadAttributes (158ms)
				ProcessInitializeOnLoadMethodAttributes (7ms)
				AfterProcessingInitializeOnLoad (5ms)
				EditorAssembliesLoaded (0ms)
			ExecutionOrderSort2 (0ms)
			AwakeInstancesAfterBackupRestoration (6ms)
Platform modules already initialized, skipping
Refreshing native plugins compatible for Editor in 0.51 ms, found 3 plugins.
Preloading 0 native plugins for Editor in 0.00 ms.
Unloading 2682 Unused Serialized files (Serialized files now loaded: 0)
System memory in use before: 118.7 MB.
System memory in use after: 118.8 MB.

Unloading 22 unused Assets to reduce memory usage. Loaded Objects now: 3172.
Total: 2.935400 ms (FindLiveObjects: 0.197300 ms CreateObjectMapping: 0.089000 ms MarkObjects: 2.567800 ms  DeleteObjects: 0.080900 ms)

AssetImportParameters requested are different than current active one (requested -> active):
  custom:framework-win-MediaFoundation: 216162199b28c13a410421893ffa2e32 -> 
  custom:video-decoder-ogg-theora: a1e56fd34408186e4bbccfd4996cb3dc -> 
  custom:container-muxer-webm: aa71ff27fc2769a1b78a27578f13a17b -> 
  custom:container-demuxer-webm: 4f35f7cbe854078d1ac9338744f61a02 -> 
  custom:container-demuxer-ogg: 62fdf1f143b41e24485cea50d1cbac27 -> 
  custom:video-encoder-webm-vp8: eb34c28f22e8b96e1ab97ce403110664 -> 
  custom:video-decoder-webm-vp8: 9c59270c3fd7afecdb556c50c9e8de78 -> 
  custom:audio-decoder-ogg-vorbis: bf7c407c2cedff20999df2af8eb42d56 -> 
  custom:audio-encoder-webm-vorbis: bf7c407c2cedff20999df2af8eb42d56 -> 
AssetImportWorkerClient::OnTransportError - code=2 error=End of file
