Unity Editor version:    2020.3.32f1 (12f8b0834f07)
Branch:                  2020.3/staging
Build type:              Release
Batch mode:              YES
macOS version:           Version 10.13.6 (Build 17G14033)
Darwin version:          17.7.0
Architecture:            x86_64
Running under Rosetta:   NO
Available memory:        16384 MB
Using pre-set license
Pro License: NO

COMMAND LINE ARGUMENTS:
/Users/williamjohnson/Downloads/2020.3.32f1/Unity.app/Contents/MacOS/Unity
-adb2
-batchMode
-noUpm
-name
AssetImportWorker8
-projectPath
/Users/williamjohnson/Documents/GitHub/Team_Project/Team_Project/My project
-logFile
Logs/AssetImportWorker8.log
-srvPort
52888
Successfully changed project path to: /Users/williamjohnson/Documents/GitHub/Team_Project/Team_Project/My project
/Users/williamjohnson/Documents/GitHub/Team_Project/Team_Project/My project
Using Asset Import Pipeline V2.
Refreshing native plugins compatible for Editor in 742.60 ms, found 3 plugins.
Preloading 0 native plugins for Editor in 0.00 ms.
Initialize engine version: 2020.3.32f1 (12f8b0834f07)
[Subsystems] Discovering subsystems at path /Users/williamjohnson/Downloads/2020.3.32f1/Unity.app/Contents/Resources/UnitySubsystems
[Subsystems] Discovering subsystems at path /Users/williamjohnson/Documents/GitHub/Team_Project/Team_Project/My project/Assets
GfxDevice: creating device client; threaded=0
Renderer: Intel HD Graphics 3000 OpenGL Engine
Vendor:   Intel Inc.
Version:  3.3 INTEL-10.4.14
GLES:     0
 GL_ARB_blend_func_extended GL_ARB_ES2_compatibility GL_ARB_explicit_attrib_location GL_ARB_instanced_arrays GL_ARB_internalformat_query GL_ARB_occlusion_query2 GL_ARB_sampler_objects GL_ARB_separate_shader_objects GL_ARB_shader_bit_encoding GL_ARB_shading_language_include GL_ARB_texture_rgb10_a2ui GL_ARB_texture_storage GL_ARB_texture_swizzle GL_ARB_timer_query GL_ARB_vertex_type_2_10_10_10_rev GL_EXT_debug_label GL_EXT_debug_marker GL_EXT_texture_compression_s3tc GL_EXT_texture_filter_anisotropic GL_EXT_texture_sRGB_decode GL_APPLE_client_storage GL_APPLE_container_object_shareable GL_APPLE_flush_render GL_APPLE_object_purgeable GL_APPLE_rgb_422 GL_APPLE_row_bytes GL_APPLE_texture_range GL_ATI_texture_mirror_once GL_NV_texture_barrier
OPENGL LOG: Creating OpenGL 3.3 graphics device ; Context level  <OpenGL 3.3> ; Context handle 1560495616
Initialize mono
Mono path[0] = '/Users/williamjohnson/Downloads/2020.3.32f1/Unity.app/Contents/Managed'
Mono path[1] = '/Users/williamjohnson/Downloads/2020.3.32f1/Unity.app/Contents/MonoBleedingEdge/lib/mono/unityjit'
Mono config path = '/Users/williamjohnson/Downloads/2020.3.32f1/Unity.app/Contents/MonoBleedingEdge/etc'
Using monoOptions --debugger-agent=transport=dt_socket,embedding=1,server=y,suspend=n,address=127.0.0.1:56596
Begin MonoManager ReloadAssembly
Registering precompiled unity dll's ...
Register platform support module: /Users/williamjohnson/Downloads/2020.3.32f1/Unity.app/Contents/PlaybackEngines/MacStandaloneSupport/UnityEditor.OSXStandalone.Extensions.dll
Registered in 0.002829 seconds.
Native extension for OSXStandalone target not found
Refreshing native plugins compatible for Editor in 683.31 ms, found 3 plugins.
Preloading 0 native plugins for Editor in 0.00 ms.
Mono: successfully reloaded assembly
- Completed reload, in  7.277 seconds
Domain Reload Profiling:
	ReloadAssembly (7278ms)
		BeginReloadAssembly (418ms)
			ExecutionOrderSort (0ms)
			DisableScriptedObjects (0ms)
			BackupInstance (0ms)
			ReleaseScriptingObjects (0ms)
			CreateAndSetChildDomain (2ms)
		EndReloadAssembly (5949ms)
			LoadAssemblies (416ms)
			RebuildTransferFunctionScriptingTraits (0ms)
			SetupTypeCache (2247ms)
			ReleaseScriptCaches (0ms)
			RebuildScriptCaches (490ms)
			SetupLoadedEditorAssemblies (2245ms)
				LogAssemblyErrors (0ms)
				InitializePlatformSupportModulesInManaged (34ms)
				SetLoadedEditorAssemblies (1ms)
				RefreshPlugins (683ms)
				BeforeProcessingInitializeOnLoad (71ms)
				ProcessInitializeOnLoadAttributes (1125ms)
				ProcessInitializeOnLoadMethodAttributes (331ms)
				AfterProcessingInitializeOnLoad (0ms)
				EditorAssembliesLoaded (1ms)
			ExecutionOrderSort2 (0ms)
			AwakeInstancesAfterBackupRestoration (0ms)
Platform modules already initialized, skipping
Registering precompiled user dll's ...
Registered in 0.004015 seconds.
Begin MonoManager ReloadAssembly
Symbol file data-0x13e7af000 doesn't match image /Users/williamjohnson/Documents/GitHub/Team_Project/Team_Project/My project/Library/ScriptAssemblies/Unity.2D.Animation.Editor.dll
Symbol file LoadedFromMemory is not a mono symbol file
Symbol file data-0x7f8e5cdd04d0 doesn't match image /Users/williamjohnson/Documents/GitHub/Team_Project/Team_Project/My project/Library/ScriptAssemblies/Unity.InternalAPIEngineBridge.001.dll
Symbol file LoadedFromMemory is not a mono symbol file
Symbol file data-0x7f8e5d542600 doesn't match image /Users/williamjohnson/Documents/GitHub/Team_Project/Team_Project/My project/Library/ScriptAssemblies/Unity.2D.PixelPerfect.dll
Symbol file LoadedFromMemory is not a mono symbol file
Symbol file data-0x7f8e6333ca00 doesn't match image /Users/williamjohnson/Documents/GitHub/Team_Project/Team_Project/My project/Library/ScriptAssemblies/PsdPlugin.dll
Symbol file LoadedFromMemory is not a mono symbol file
Symbol file data-0x7f8e6336a400 doesn't match image /Users/williamjohnson/Documents/GitHub/Team_Project/Team_Project/My project/Library/ScriptAssemblies/UnityEngine.TestRunner.dll
Symbol file LoadedFromMemory is not a mono symbol file
Symbol file data-0x7f8e5d092200 doesn't match image /Users/williamjohnson/Documents/GitHub/Team_Project/Team_Project/My project/Library/ScriptAssemblies/UnityEditor.TestRunner.dll
Symbol file LoadedFromMemory is not a mono symbol file
Symbol file data-0x7f8e5d0ab000 doesn't match image /Users/williamjohnson/Documents/GitHub/Team_Project/Team_Project/My project/Library/ScriptAssemblies/Unity.2D.IK.Editor.dll
Symbol file LoadedFromMemory is not a mono symbol file
Symbol file data-0x7f8e5d092200 doesn't match image /Users/williamjohnson/Documents/GitHub/Team_Project/Team_Project/My project/Library/ScriptAssemblies/Unity.2D.Psdimporter.Editor.dll
Symbol file LoadedFromMemory is not a mono symbol file
Symbol file data-0x7f8e5d098800 doesn't match image /Users/williamjohnson/Documents/GitHub/Team_Project/Team_Project/My project/Library/ScriptAssemblies/Unity.2D.Path.Editor.dll
Symbol file LoadedFromMemory is not a mono symbol file
Symbol file data-0x7f8e5d0ab000 doesn't match image /Users/williamjohnson/Documents/GitHub/Team_Project/Team_Project/My project/Library/ScriptAssemblies/Unity.InternalAPIEditorBridge.001.dll
Symbol file LoadedFromMemory is not a mono symbol file
Symbol file data-0x7f8e5d098600 doesn't match image /Users/williamjohnson/Documents/GitHub/Team_Project/Team_Project/My project/Library/ScriptAssemblies/Unity.Rider.Editor.dll
Symbol file LoadedFromMemory is not a mono symbol file
Symbol file data-0x14397b000 doesn't match image /Users/williamjohnson/Documents/GitHub/Team_Project/Team_Project/My project/Library/ScriptAssemblies/Unity.Mathematics.dll
Symbol file LoadedFromMemory is not a mono symbol file
Symbol file data-0x7f8e62a2c000 doesn't match image /Users/williamjohnson/Documents/GitHub/Team_Project/Team_Project/My project/Library/ScriptAssemblies/Unity.2D.IK.Runtime.dll
Symbol file LoadedFromMemory is not a mono symbol file
Symbol file data-0x7f8e62a43e00 doesn't match image /Users/williamjohnson/Documents/GitHub/Team_Project/Team_Project/My project/Library/ScriptAssemblies/Unity.2D.Animation.Triangle.Runtime.dll
Symbol file LoadedFromMemory is not a mono symbol file
Symbol file data-0x7f8e62a5c000 doesn't match image /Users/williamjohnson/Documents/GitHub/Team_Project/Team_Project/My project/Library/ScriptAssemblies/Unity.2D.Animation.Runtime.dll
Symbol file LoadedFromMemory is not a mono symbol file
Symbol file data-0x7f8e62a2c000 doesn't match image /Users/williamjohnson/Documents/GitHub/Team_Project/Team_Project/My project/Library/ScriptAssemblies/Unity.2D.PixelPerfect.Editor.dll
Symbol file LoadedFromMemory is not a mono symbol file
Symbol file data-0x7f8e5cdecfe0 doesn't match image /Users/williamjohnson/Documents/GitHub/Team_Project/Team_Project/My project/Library/ScriptAssemblies/Unity.2D.Common.Runtime.dll
Symbol file LoadedFromMemory is not a mono symbol file
Symbol file data-0x7f8e5d55fc00 doesn't match image /Users/williamjohnson/Documents/GitHub/Team_Project/Team_Project/My project/Library/ScriptAssemblies/Unity.2D.SpriteShape.Editor.dll
Symbol file LoadedFromMemory is not a mono symbol file
Symbol file data-0x7f8e5d09fa00 doesn't match image /Users/williamjohnson/Documents/GitHub/Team_Project/Team_Project/My project/Library/ScriptAssemblies/Unity.2D.Common.Editor.dll
Symbol file LoadedFromMemory is not a mono symbol file
Symbol file data-0x7f8e5d55fc00 doesn't match image /Users/williamjohnson/Documents/GitHub/Team_Project/Team_Project/My project/Library/ScriptAssemblies/Unity.2D.SpriteShape.Runtime.dll
Symbol file LoadedFromMemory is not a mono symbol file
Native extension for OSXStandalone target not found
Refreshing native plugins compatible for Editor in 836.38 ms, found 3 plugins.
Preloading 0 native plugins for Editor in 0.00 ms.
