Unity Editor version:    2020.3.32f1 (12f8b0834f07)
Branch:                  2020.3/staging
Build type:              Release
Batch mode:              YES
macOS version:           Version 10.13.6 (Build 17G14033)
Darwin version:          17.7.0
Architecture:            x86_64
Running under Rosetta:   NO
Available memory:        16384 MB
Using pre-set license
Pro License: NO

COMMAND LINE ARGUMENTS:
/Users/williamjohnson/Downloads/2020.3.32f1/Unity.app/Contents/MacOS/Unity
-adb2
-batchMode
-noUpm
-name
AssetImportWorker5
-projectPath
/Users/williamjohnson/Documents/GitHub/Team_Project/Team_Project/My project
-logFile
Logs/AssetImportWorker5.log
-srvPort
52888
Successfully changed project path to: /Users/williamjohnson/Documents/GitHub/Team_Project/Team_Project/My project
/Users/williamjohnson/Documents/GitHub/Team_Project/Team_Project/My project
Using Asset Import Pipeline V2.
Refreshing native plugins compatible for Editor in 913.37 ms, found 3 plugins.
Preloading 0 native plugins for Editor in 0.00 ms.
Initialize engine version: 2020.3.32f1 (12f8b0834f07)
[Subsystems] Discovering subsystems at path /Users/williamjohnson/Downloads/2020.3.32f1/Unity.app/Contents/Resources/UnitySubsystems
[Subsystems] Discovering subsystems at path /Users/williamjohnson/Documents/GitHub/Team_Project/Team_Project/My project/Assets
GfxDevice: creating device client; threaded=0
Renderer: Intel HD Graphics 3000 OpenGL Engine
Vendor:   Intel Inc.
Version:  3.3 INTEL-10.4.14
GLES:     0
 GL_ARB_blend_func_extended GL_ARB_ES2_compatibility GL_ARB_explicit_attrib_location GL_ARB_instanced_arrays GL_ARB_internalformat_query GL_ARB_occlusion_query2 GL_ARB_sampler_objects GL_ARB_separate_shader_objects GL_ARB_shader_bit_encoding GL_ARB_shading_language_include GL_ARB_texture_rgb10_a2ui GL_ARB_texture_storage GL_ARB_texture_swizzle GL_ARB_timer_query GL_ARB_vertex_type_2_10_10_10_rev GL_EXT_debug_label GL_EXT_debug_marker GL_EXT_texture_compression_s3tc GL_EXT_texture_filter_anisotropic GL_EXT_texture_sRGB_decode GL_APPLE_client_storage GL_APPLE_container_object_shareable GL_APPLE_flush_render GL_APPLE_object_purgeable GL_APPLE_rgb_422 GL_APPLE_row_bytes GL_APPLE_texture_range GL_ATI_texture_mirror_once GL_NV_texture_barrier
OPENGL LOG: Creating OpenGL 3.3 graphics device ; Context level  <OpenGL 3.3> ; Context handle -788096512
Initialize mono
Mono path[0] = '/Users/williamjohnson/Downloads/2020.3.32f1/Unity.app/Contents/Managed'
Mono path[1] = '/Users/williamjohnson/Downloads/2020.3.32f1/Unity.app/Contents/MonoBleedingEdge/lib/mono/unityjit'
Mono config path = '/Users/williamjohnson/Downloads/2020.3.32f1/Unity.app/Contents/MonoBleedingEdge/etc'
Using monoOptions --debugger-agent=transport=dt_socket,embedding=1,server=y,suspend=n,address=127.0.0.1:56539
Begin MonoManager ReloadAssembly
Registering precompiled unity dll's ...
Register platform support module: /Users/williamjohnson/Downloads/2020.3.32f1/Unity.app/Contents/PlaybackEngines/MacStandaloneSupport/UnityEditor.OSXStandalone.Extensions.dll
Registered in 0.001310 seconds.
Native extension for OSXStandalone target not found
Refreshing native plugins compatible for Editor in 926.57 ms, found 3 plugins.
Preloading 0 native plugins for Editor in 0.00 ms.
Mono: successfully reloaded assembly
- Completed reload, in  9.254 seconds
Domain Reload Profiling:
	ReloadAssembly (9254ms)
		BeginReloadAssembly (516ms)
			ExecutionOrderSort (0ms)
			DisableScriptedObjects (0ms)
			BackupInstance (0ms)
			ReleaseScriptingObjects (0ms)
			CreateAndSetChildDomain (2ms)
		EndReloadAssembly (7550ms)
			LoadAssemblies (513ms)
			RebuildTransferFunctionScriptingTraits (0ms)
			SetupTypeCache (2622ms)
			ReleaseScriptCaches (0ms)
			RebuildScriptCaches (623ms)
			SetupLoadedEditorAssemblies (3144ms)
				LogAssemblyErrors (0ms)
				InitializePlatformSupportModulesInManaged (59ms)
				SetLoadedEditorAssemblies (1ms)
				RefreshPlugins (927ms)
				BeforeProcessingInitializeOnLoad (57ms)
				ProcessInitializeOnLoadAttributes (1588ms)
				ProcessInitializeOnLoadMethodAttributes (512ms)
				AfterProcessingInitializeOnLoad (0ms)
				EditorAssembliesLoaded (1ms)
			ExecutionOrderSort2 (0ms)
			AwakeInstancesAfterBackupRestoration (0ms)
Platform modules already initialized, skipping
Registering precompiled user dll's ...
Registered in 0.108328 seconds.
Begin MonoManager ReloadAssembly
Symbol file data-0x134427000 doesn't match image /Users/williamjohnson/Documents/GitHub/Team_Project/Team_Project/My project/Library/ScriptAssemblies/Unity.2D.Animation.Editor.dll
Symbol file LoadedFromMemory is not a mono symbol file
Symbol file data-0x7fc9d44ced20 doesn't match image /Users/williamjohnson/Documents/GitHub/Team_Project/Team_Project/My project/Library/ScriptAssemblies/Unity.InternalAPIEngineBridge.001.dll
Symbol file LoadedFromMemory is not a mono symbol file
Symbol file data-0x7fc9d4b4c600 doesn't match image /Users/williamjohnson/Documents/GitHub/Team_Project/Team_Project/My project/Library/ScriptAssemblies/Unity.2D.PixelPerfect.dll
Symbol file LoadedFromMemory is not a mono symbol file
Symbol file data-0x7fc9d1257e00 doesn't match image /Users/williamjohnson/Documents/GitHub/Team_Project/Team_Project/My project/Library/ScriptAssemblies/PsdPlugin.dll
Symbol file LoadedFromMemory is not a mono symbol file
Symbol file data-0x7fc9d4b73400 doesn't match image /Users/williamjohnson/Documents/GitHub/Team_Project/Team_Project/My project/Library/ScriptAssemblies/UnityEngine.TestRunner.dll
Symbol file LoadedFromMemory is not a mono symbol file
Symbol file data-0x7fc9d1703000 doesn't match image /Users/williamjohnson/Documents/GitHub/Team_Project/Team_Project/My project/Library/ScriptAssemblies/UnityEditor.TestRunner.dll
Symbol file LoadedFromMemory is not a mono symbol file
Symbol file data-0x7fc9d12aec00 doesn't match image /Users/williamjohnson/Documents/GitHub/Team_Project/Team_Project/My project/Library/ScriptAssemblies/Unity.2D.IK.Editor.dll
Symbol file LoadedFromMemory is not a mono symbol file
Symbol file data-0x7fc9d4c15600 doesn't match image /Users/williamjohnson/Documents/GitHub/Team_Project/Team_Project/My project/Library/ScriptAssemblies/Unity.2D.Psdimporter.Editor.dll
Symbol file LoadedFromMemory is not a mono symbol file
Symbol file data-0x7fc9d4b73400 doesn't match image /Users/williamjohnson/Documents/GitHub/Team_Project/Team_Project/My project/Library/ScriptAssemblies/Unity.2D.Path.Editor.dll
Symbol file LoadedFromMemory is not a mono symbol file
Symbol file data-0x7fc9d12b1800 doesn't match image /Users/williamjohnson/Documents/GitHub/Team_Project/Team_Project/My project/Library/ScriptAssemblies/Unity.InternalAPIEditorBridge.001.dll
Symbol file LoadedFromMemory is not a mono symbol file
Symbol file data-0x7fc9d1302800 doesn't match image /Users/williamjohnson/Documents/GitHub/Team_Project/Team_Project/My project/Library/ScriptAssemblies/Unity.Rider.Editor.dll
Symbol file LoadedFromMemory is not a mono symbol file
Symbol file data-0x13963b000 doesn't match image /Users/williamjohnson/Documents/GitHub/Team_Project/Team_Project/My project/Library/ScriptAssemblies/Unity.Mathematics.dll
Symbol file LoadedFromMemory is not a mono symbol file
Symbol file data-0x7fc9d1571200 doesn't match image /Users/williamjohnson/Documents/GitHub/Team_Project/Team_Project/My project/Library/ScriptAssemblies/Unity.2D.IK.Runtime.dll
Symbol file LoadedFromMemory is not a mono symbol file
Symbol file data-0x7fc9d1586800 doesn't match image /Users/williamjohnson/Documents/GitHub/Team_Project/Team_Project/My project/Library/ScriptAssemblies/Unity.2D.Animation.Triangle.Runtime.dll
Symbol file LoadedFromMemory is not a mono symbol file
Symbol file data-0x7fc9d4c6ce00 doesn't match image /Users/williamjohnson/Documents/GitHub/Team_Project/Team_Project/My project/Library/ScriptAssemblies/Unity.2D.Animation.Runtime.dll
Symbol file LoadedFromMemory is not a mono symbol file
Symbol file data-0x7fc9d1571200 doesn't match image /Users/williamjohnson/Documents/GitHub/Team_Project/Team_Project/My project/Library/ScriptAssemblies/Unity.2D.PixelPerfect.Editor.dll
Symbol file LoadedFromMemory is not a mono symbol file
Symbol file data-0x7fc9d42ba220 doesn't match image /Users/williamjohnson/Documents/GitHub/Team_Project/Team_Project/My project/Library/ScriptAssemblies/Unity.2D.Common.Runtime.dll
Symbol file LoadedFromMemory is not a mono symbol file
Symbol file data-0x7fc9d4c89e00 doesn't match image /Users/williamjohnson/Documents/GitHub/Team_Project/Team_Project/My project/Library/ScriptAssemblies/Unity.2D.SpriteShape.Editor.dll
Symbol file LoadedFromMemory is not a mono symbol file
Symbol file data-0x7fc9d4c6ce00 doesn't match image /Users/williamjohnson/Documents/GitHub/Team_Project/Team_Project/My project/Library/ScriptAssemblies/Unity.2D.Common.Editor.dll
Symbol file LoadedFromMemory is not a mono symbol file
Symbol file data-0x7fc9d4cb4e00 doesn't match image /Users/williamjohnson/Documents/GitHub/Team_Project/Team_Project/My project/Library/ScriptAssemblies/Unity.2D.SpriteShape.Runtime.dll
Symbol file LoadedFromMemory is not a mono symbol file
