Using pre-set license
Built from '2020.3/staging' branch; Version is '2020.3.32f1 (12f8b0834f07) revision 1243312'; Using compiler version '192528614'; Build Type 'Release'
OS: 'Windows 11  (10.0.22000) 64bit Core' Language: 'en' Physical Memory: 15720 MB
BatchMode: 1, IsHumanControllingUs: 0, StartBugReporterOnCrash: 0, Is64bit: 1, IsPro: 0

COMMAND LINE ARGUMENTS:
C:\Program Files\Unity\Hub\Editor\2020.3.32f1\Editor\Unity.exe
-adb2
-batchMode
-noUpm
-name
AssetImportWorker0
-projectPath
C:/Users/fihnh/OneDrive/Desktop/Repos/Team_Project/My project
-logFile
Logs/AssetImportWorker0.log
-srvPort
61898
Successfully changed project path to: C:/Users/fihnh/OneDrive/Desktop/Repos/Team_Project/My project
C:/Users/fihnh/OneDrive/Desktop/Repos/Team_Project/My project
Using Asset Import Pipeline V2.
Refreshing native plugins compatible for Editor in 115.26 ms, found 3 plugins.
Preloading 0 native plugins for Editor in 0.00 ms.
Initialize engine version: 2020.3.32f1 (12f8b0834f07)
[Subsystems] Discovering subsystems at path C:/Program Files/Unity/Hub/Editor/2020.3.32f1/Editor/Data/Resources/UnitySubsystems
[Subsystems] Discovering subsystems at path C:/Users/fihnh/OneDrive/Desktop/Repos/Team_Project/My project/Assets
GfxDevice: creating device client; threaded=0
Direct3D:
    Version:  Direct3D 11.0 [level 11.1]
    Renderer: NVIDIA GeForce RTX 3050 Ti Laptop GPU (ID=0x25a0)
    Vendor:   
    VRAM:     3990 MB
    Driver:   30.0.15.1272
Initialize mono
Mono path[0] = 'C:/Program Files/Unity/Hub/Editor/2020.3.32f1/Editor/Data/Managed'
Mono path[1] = 'C:/Program Files/Unity/Hub/Editor/2020.3.32f1/Editor/Data/MonoBleedingEdge/lib/mono/unityjit'
Mono config path = 'C:/Program Files/Unity/Hub/Editor/2020.3.32f1/Editor/Data/MonoBleedingEdge/etc'
Using monoOptions --debugger-agent=transport=dt_socket,embedding=1,server=y,suspend=n,address=127.0.0.1:56900
Begin MonoManager ReloadAssembly
Registering precompiled unity dll's ...
Register platform support module: C:/Program Files/Unity/Hub/Editor/2020.3.32f1/Editor/Data/PlaybackEngines/MacStandaloneSupport/UnityEditor.OSXStandalone.Extensions.dll
Register platform support module: C:/Program Files/Unity/Hub/Editor/2020.3.32f1/Editor/Data/PlaybackEngines/WindowsStandaloneSupport/UnityEditor.WindowsStandalone.Extensions.dll
Register platform support module: C:/Program Files/Unity/Hub/Editor/2020.3.32f1/Editor/Data/PlaybackEngines/LinuxStandaloneSupport/UnityEditor.LinuxStandalone.Extensions.dll
Registered in 0.006963 seconds.
Native extension for LinuxStandalone target not found
Native extension for WindowsStandalone target not found
Native extension for OSXStandalone target not found
Refreshing native plugins compatible for Editor in 101.79 ms, found 3 plugins.
Preloading 0 native plugins for Editor in 0.00 ms.
Mono: successfully reloaded assembly
- Completed reload, in  1.099 seconds
Domain Reload Profiling:
	ReloadAssembly (1099ms)
		BeginReloadAssembly (122ms)
			ExecutionOrderSort (0ms)
			DisableScriptedObjects (0ms)
			BackupInstance (0ms)
			ReleaseScriptingObjects (0ms)
			CreateAndSetChildDomain (1ms)
		EndReloadAssembly (825ms)
			LoadAssemblies (120ms)
			RebuildTransferFunctionScriptingTraits (0ms)
			SetupTypeCache (248ms)
			ReleaseScriptCaches (0ms)
			RebuildScriptCaches (46ms)
			SetupLoadedEditorAssemblies (347ms)
				LogAssemblyErrors (0ms)
				InitializePlatformSupportModulesInManaged (11ms)
				SetLoadedEditorAssemblies (0ms)
				RefreshPlugins (102ms)
				BeforeProcessingInitializeOnLoad (24ms)
				ProcessInitializeOnLoadAttributes (160ms)
				ProcessInitializeOnLoadMethodAttributes (49ms)
				AfterProcessingInitializeOnLoad (0ms)
				EditorAssembliesLoaded (0ms)
			ExecutionOrderSort2 (0ms)
			AwakeInstancesAfterBackupRestoration (0ms)
Platform modules already initialized, skipping
Registering precompiled user dll's ...
Registered in 0.006062 seconds.
Begin MonoManager ReloadAssembly
Native extension for LinuxStandalone target not found
Native extension for WindowsStandalone target not found
Native extension for OSXStandalone target not found
Refreshing native plugins compatible for Editor in 150.80 ms, found 3 plugins.
Preloading 0 native plugins for Editor in 0.00 ms.
Mono: successfully reloaded assembly
- Completed reload, in  2.479 seconds
Domain Reload Profiling:
	ReloadAssembly (2480ms)
		BeginReloadAssembly (256ms)
			ExecutionOrderSort (0ms)
			DisableScriptedObjects (10ms)
			BackupInstance (0ms)
			ReleaseScriptingObjects (0ms)
			CreateAndSetChildDomain (35ms)
		EndReloadAssembly (2090ms)
			LoadAssemblies (180ms)
			RebuildTransferFunctionScriptingTraits (0ms)
			SetupTypeCache (615ms)
			ReleaseScriptCaches (1ms)
			RebuildScriptCaches (119ms)
			SetupLoadedEditorAssemblies (931ms)
				LogAssemblyErrors (0ms)
				InitializePlatformSupportModulesInManaged (14ms)
				SetLoadedEditorAssemblies (0ms)
				RefreshPlugins (151ms)
				BeforeProcessingInitializeOnLoad (195ms)
				ProcessInitializeOnLoadAttributes (526ms)
				ProcessInitializeOnLoadMethodAttributes (31ms)
				AfterProcessingInitializeOnLoad (14ms)
				EditorAssembliesLoaded (0ms)
			ExecutionOrderSort2 (0ms)
			AwakeInstancesAfterBackupRestoration (15ms)
Platform modules already initialized, skipping
========================================================================
Worker process is ready to serve import requests
Launched and connected shader compiler UnityShaderCompiler.exe after 0.11 seconds
Refreshing native plugins compatible for Editor in 1.53 ms, found 3 plugins.
Preloading 0 native plugins for Editor in 0.00 ms.
Unloading 2705 Unused Serialized files (Serialized files now loaded: 0)
System memory in use before: 117.8 MB.
System memory in use after: 117.8 MB.

Unloading 35 unused Assets to reduce memory usage. Loaded Objects now: 3139.
Total: 7.041900 ms (FindLiveObjects: 0.347200 ms CreateObjectMapping: 0.259200 ms MarkObjects: 6.193800 ms  DeleteObjects: 0.239700 ms)

AssetImportParameters requested are different than current active one (requested -> active):
  custom:framework-win-MediaFoundation: 216162199b28c13a410421893ffa2e32 -> 
  custom:video-decoder-ogg-theora: a1e56fd34408186e4bbccfd4996cb3dc -> 
  custom:container-muxer-webm: aa71ff27fc2769a1b78a27578f13a17b -> 
  custom:container-demuxer-webm: 4f35f7cbe854078d1ac9338744f61a02 -> 
  custom:container-demuxer-ogg: 62fdf1f143b41e24485cea50d1cbac27 -> 
  custom:video-encoder-webm-vp8: eb34c28f22e8b96e1ab97ce403110664 -> 
  custom:video-codec-MediaFoundation-h265: 746d11721c4dcdbdad8f713fa42b33f4 -> 
  custom:video-decoder-webm-vp8: 9c59270c3fd7afecdb556c50c9e8de78 -> 
  custom:audio-decoder-ogg-vorbis: bf7c407c2cedff20999df2af8eb42d56 -> 
  custom:audio-encoder-webm-vorbis: bf7c407c2cedff20999df2af8eb42d56 -> 
========================================================================
Received Import Request.
  path: Assets/Scripts/Entities/Enemy.cs
  artifactKey: Guid(e2bba0451647f654d9b7dcae3746dc7c) Importer(815301076,1909f56bfc062723c751e8b465ee728b)
Start importing Assets/Scripts/Entities/Enemy.cs using Guid(e2bba0451647f654d9b7dcae3746dc7c) Importer(815301076,1909f56bfc062723c751e8b465ee728b)  -> (artifact id: '0215d0890fd2937b352c522322f7beb2') in 0.053743 seconds 
========================================================================
Received Import Request.
  Time since last request: 0.000432 seconds.
  path: Assets/Scripts
  artifactKey: Guid(0879bf24c15a8d84f8115ec384ba1d99) Importer(815301076,1909f56bfc062723c751e8b465ee728b)
Start importing Assets/Scripts using Guid(0879bf24c15a8d84f8115ec384ba1d99) Importer(815301076,1909f56bfc062723c751e8b465ee728b)  -> (artifact id: '4b266b622511f6ca28c4e3272ce349db') in 0.010553 seconds 
========================================================================
Received Prepare
Refreshing native plugins compatible for Editor in 9.85 ms, found 3 plugins.
Preloading 0 native plugins for Editor in 0.00 ms.
Unloading 19 Unused Serialized files (Serialized files now loaded: 0)
System memory in use before: 63.1 MB.
System memory in use after: 63.1 MB.

Unloading 19 unused Assets to reduce memory usage. Loaded Objects now: 3139.
Total: 8.007000 ms (FindLiveObjects: 0.498200 ms CreateObjectMapping: 0.162800 ms MarkObjects: 7.151400 ms  DeleteObjects: 0.192900 ms)

AssetImportParameters requested are different than current active one (requested -> active):
  custom:framework-win-MediaFoundation: 216162199b28c13a410421893ffa2e32 -> 
  custom:video-decoder-ogg-theora: a1e56fd34408186e4bbccfd4996cb3dc -> 
  custom:container-muxer-webm: aa71ff27fc2769a1b78a27578f13a17b -> 
  custom:container-demuxer-webm: 4f35f7cbe854078d1ac9338744f61a02 -> 
  custom:container-demuxer-ogg: 62fdf1f143b41e24485cea50d1cbac27 -> 
  custom:video-encoder-webm-vp8: eb34c28f22e8b96e1ab97ce403110664 -> 
  custom:video-codec-MediaFoundation-h265: 746d11721c4dcdbdad8f713fa42b33f4 -> 
  custom:video-decoder-webm-vp8: 9c59270c3fd7afecdb556c50c9e8de78 -> 
  custom:audio-decoder-ogg-vorbis: bf7c407c2cedff20999df2af8eb42d56 -> 
  custom:audio-encoder-webm-vorbis: bf7c407c2cedff20999df2af8eb42d56 -> 
========================================================================
Received Prepare
Registering precompiled user dll's ...
Registered in 0.010705 seconds.
Begin MonoManager ReloadAssembly
Native extension for LinuxStandalone target not found
Native extension for WindowsStandalone target not found
Native extension for OSXStandalone target not found
Refreshing native plugins compatible for Editor in 1.70 ms, found 3 plugins.
Preloading 0 native plugins for Editor in 0.00 ms.
Mono: successfully reloaded assembly
- Completed reload, in  2.451 seconds
Domain Reload Profiling:
	ReloadAssembly (2452ms)
		BeginReloadAssembly (253ms)
			ExecutionOrderSort (0ms)
			DisableScriptedObjects (16ms)
			BackupInstance (0ms)
			ReleaseScriptingObjects (0ms)
			CreateAndSetChildDomain (73ms)
		EndReloadAssembly (2059ms)
			LoadAssemblies (224ms)
			RebuildTransferFunctionScriptingTraits (0ms)
			SetupTypeCache (642ms)
			ReleaseScriptCaches (2ms)
			RebuildScriptCaches (113ms)
			SetupLoadedEditorAssemblies (821ms)
				LogAssemblyErrors (0ms)
				InitializePlatformSupportModulesInManaged (17ms)
				SetLoadedEditorAssemblies (1ms)
				RefreshPlugins (2ms)
				BeforeProcessingInitializeOnLoad (251ms)
				ProcessInitializeOnLoadAttributes (508ms)
				ProcessInitializeOnLoadMethodAttributes (26ms)
				AfterProcessingInitializeOnLoad (17ms)
				EditorAssembliesLoaded (0ms)
			ExecutionOrderSort2 (0ms)
			AwakeInstancesAfterBackupRestoration (23ms)
Platform modules already initialized, skipping
Refreshing native plugins compatible for Editor in 1.50 ms, found 3 plugins.
Preloading 0 native plugins for Editor in 0.00 ms.
Unloading 2685 Unused Serialized files (Serialized files now loaded: 0)
System memory in use before: 116.6 MB.
System memory in use after: 116.6 MB.

Unloading 22 unused Assets to reduce memory usage. Loaded Objects now: 3142.
Total: 5.656400 ms (FindLiveObjects: 0.320200 ms CreateObjectMapping: 0.173100 ms MarkObjects: 4.949400 ms  DeleteObjects: 0.212300 ms)

AssetImportParameters requested are different than current active one (requested -> active):
  custom:framework-win-MediaFoundation: 216162199b28c13a410421893ffa2e32 -> 
  custom:video-decoder-ogg-theora: a1e56fd34408186e4bbccfd4996cb3dc -> 
  custom:container-muxer-webm: aa71ff27fc2769a1b78a27578f13a17b -> 
  custom:container-demuxer-webm: 4f35f7cbe854078d1ac9338744f61a02 -> 
  custom:container-demuxer-ogg: 62fdf1f143b41e24485cea50d1cbac27 -> 
  custom:video-encoder-webm-vp8: eb34c28f22e8b96e1ab97ce403110664 -> 
  custom:video-codec-MediaFoundation-h265: 746d11721c4dcdbdad8f713fa42b33f4 -> 
  custom:video-decoder-webm-vp8: 9c59270c3fd7afecdb556c50c9e8de78 -> 
  custom:audio-decoder-ogg-vorbis: bf7c407c2cedff20999df2af8eb42d56 -> 
  custom:audio-encoder-webm-vorbis: bf7c407c2cedff20999df2af8eb42d56 -> 
========================================================================
Received Prepare
Registering precompiled user dll's ...
Registered in 0.006665 seconds.
Begin MonoManager ReloadAssembly
Native extension for LinuxStandalone target not found
Native extension for WindowsStandalone target not found
Native extension for OSXStandalone target not found
Refreshing native plugins compatible for Editor in 0.96 ms, found 3 plugins.
Preloading 0 native plugins for Editor in 0.00 ms.
Mono: successfully reloaded assembly
- Completed reload, in  2.136 seconds
Domain Reload Profiling:
	ReloadAssembly (2136ms)
		BeginReloadAssembly (243ms)
			ExecutionOrderSort (0ms)
			DisableScriptedObjects (13ms)
			BackupInstance (0ms)
			ReleaseScriptingObjects (0ms)
			CreateAndSetChildDomain (73ms)
		EndReloadAssembly (1779ms)
			LoadAssemblies (202ms)
			RebuildTransferFunctionScriptingTraits (0ms)
			SetupTypeCache (555ms)
			ReleaseScriptCaches (2ms)
			RebuildScriptCaches (98ms)
			SetupLoadedEditorAssemblies (736ms)
				LogAssemblyErrors (0ms)
				InitializePlatformSupportModulesInManaged (13ms)
				SetLoadedEditorAssemblies (1ms)
				RefreshPlugins (1ms)
				BeforeProcessingInitializeOnLoad (197ms)
				ProcessInitializeOnLoadAttributes (490ms)
				ProcessInitializeOnLoadMethodAttributes (21ms)
				AfterProcessingInitializeOnLoad (12ms)
				EditorAssembliesLoaded (0ms)
			ExecutionOrderSort2 (0ms)
			AwakeInstancesAfterBackupRestoration (18ms)
Platform modules already initialized, skipping
Refreshing native plugins compatible for Editor in 1.29 ms, found 3 plugins.
Preloading 0 native plugins for Editor in 0.00 ms.
Unloading 2685 Unused Serialized files (Serialized files now loaded: 0)
System memory in use before: 116.6 MB.
System memory in use after: 116.7 MB.

Unloading 22 unused Assets to reduce memory usage. Loaded Objects now: 3145.
Total: 6.434200 ms (FindLiveObjects: 0.450100 ms CreateObjectMapping: 0.156200 ms MarkObjects: 5.019100 ms  DeleteObjects: 0.807400 ms)

AssetImportParameters requested are different than current active one (requested -> active):
  custom:framework-win-MediaFoundation: 216162199b28c13a410421893ffa2e32 -> 
  custom:video-decoder-ogg-theora: a1e56fd34408186e4bbccfd4996cb3dc -> 
  custom:container-muxer-webm: aa71ff27fc2769a1b78a27578f13a17b -> 
  custom:container-demuxer-webm: 4f35f7cbe854078d1ac9338744f61a02 -> 
  custom:container-demuxer-ogg: 62fdf1f143b41e24485cea50d1cbac27 -> 
  custom:video-encoder-webm-vp8: eb34c28f22e8b96e1ab97ce403110664 -> 
  custom:video-codec-MediaFoundation-h265: 746d11721c4dcdbdad8f713fa42b33f4 -> 
  custom:video-decoder-webm-vp8: 9c59270c3fd7afecdb556c50c9e8de78 -> 
  custom:audio-decoder-ogg-vorbis: bf7c407c2cedff20999df2af8eb42d56 -> 
  custom:audio-encoder-webm-vorbis: bf7c407c2cedff20999df2af8eb42d56 -> 
========================================================================
Received Prepare
Registering precompiled user dll's ...
Registered in 0.006204 seconds.
Begin MonoManager ReloadAssembly
Native extension for LinuxStandalone target not found
Native extension for WindowsStandalone target not found
Native extension for OSXStandalone target not found
Refreshing native plugins compatible for Editor in 0.92 ms, found 3 plugins.
Preloading 0 native plugins for Editor in 0.00 ms.
Mono: successfully reloaded assembly
- Completed reload, in  2.055 seconds
Domain Reload Profiling:
	ReloadAssembly (2055ms)
		BeginReloadAssembly (193ms)
			ExecutionOrderSort (0ms)
			DisableScriptedObjects (11ms)
			BackupInstance (0ms)
			ReleaseScriptingObjects (0ms)
			CreateAndSetChildDomain (52ms)
		EndReloadAssembly (1740ms)
			LoadAssemblies (193ms)
			RebuildTransferFunctionScriptingTraits (0ms)
			SetupTypeCache (594ms)
			ReleaseScriptCaches (2ms)
			RebuildScriptCaches (81ms)
			SetupLoadedEditorAssemblies (694ms)
				LogAssemblyErrors (0ms)
				InitializePlatformSupportModulesInManaged (11ms)
				SetLoadedEditorAssemblies (1ms)
				RefreshPlugins (1ms)
				BeforeProcessingInitializeOnLoad (164ms)
				ProcessInitializeOnLoadAttributes (487ms)
				ProcessInitializeOnLoadMethodAttributes (20ms)
				AfterProcessingInitializeOnLoad (10ms)
				EditorAssembliesLoaded (0ms)
			ExecutionOrderSort2 (0ms)
			AwakeInstancesAfterBackupRestoration (17ms)
Platform modules already initialized, skipping
Refreshing native plugins compatible for Editor in 0.96 ms, found 3 plugins.
Preloading 0 native plugins for Editor in 0.00 ms.
Unloading 2685 Unused Serialized files (Serialized files now loaded: 0)
System memory in use before: 116.6 MB.
System memory in use after: 116.7 MB.

Unloading 22 unused Assets to reduce memory usage. Loaded Objects now: 3148.
Total: 5.538300 ms (FindLiveObjects: 0.297400 ms CreateObjectMapping: 0.149700 ms MarkObjects: 4.888900 ms  DeleteObjects: 0.200800 ms)

AssetImportParameters requested are different than current active one (requested -> active):
  custom:framework-win-MediaFoundation: 216162199b28c13a410421893ffa2e32 -> 
  custom:video-decoder-ogg-theora: a1e56fd34408186e4bbccfd4996cb3dc -> 
  custom:container-muxer-webm: aa71ff27fc2769a1b78a27578f13a17b -> 
  custom:container-demuxer-webm: 4f35f7cbe854078d1ac9338744f61a02 -> 
  custom:container-demuxer-ogg: 62fdf1f143b41e24485cea50d1cbac27 -> 
  custom:video-encoder-webm-vp8: eb34c28f22e8b96e1ab97ce403110664 -> 
  custom:video-codec-MediaFoundation-h265: 746d11721c4dcdbdad8f713fa42b33f4 -> 
  custom:video-decoder-webm-vp8: 9c59270c3fd7afecdb556c50c9e8de78 -> 
  custom:audio-decoder-ogg-vorbis: bf7c407c2cedff20999df2af8eb42d56 -> 
  custom:audio-encoder-webm-vorbis: bf7c407c2cedff20999df2af8eb42d56 -> 
========================================================================
Received Prepare
Registering precompiled user dll's ...
Registered in 0.005445 seconds.
Begin MonoManager ReloadAssembly
Native extension for LinuxStandalone target not found
Native extension for WindowsStandalone target not found
Native extension for OSXStandalone target not found
Refreshing native plugins compatible for Editor in 1.58 ms, found 3 plugins.
Preloading 0 native plugins for Editor in 0.00 ms.
Mono: successfully reloaded assembly
- Completed reload, in  2.001 seconds
Domain Reload Profiling:
	ReloadAssembly (2002ms)
		BeginReloadAssembly (188ms)
			ExecutionOrderSort (0ms)
			DisableScriptedObjects (11ms)
			BackupInstance (0ms)
			ReleaseScriptingObjects (0ms)
			CreateAndSetChildDomain (52ms)
		EndReloadAssembly (1695ms)
			LoadAssemblies (176ms)
			RebuildTransferFunctionScriptingTraits (0ms)
			SetupTypeCache (521ms)
			ReleaseScriptCaches (2ms)
			RebuildScriptCaches (83ms)
			SetupLoadedEditorAssemblies (681ms)
				LogAssemblyErrors (0ms)
				InitializePlatformSupportModulesInManaged (16ms)
				SetLoadedEditorAssemblies (1ms)
				RefreshPlugins (2ms)
				BeforeProcessingInitializeOnLoad (188ms)
				ProcessInitializeOnLoadAttributes (446ms)
				ProcessInitializeOnLoadMethodAttributes (18ms)
				AfterProcessingInitializeOnLoad (10ms)
				EditorAssembliesLoaded (0ms)
			ExecutionOrderSort2 (0ms)
			AwakeInstancesAfterBackupRestoration (16ms)
Platform modules already initialized, skipping
Refreshing native plugins compatible for Editor in 0.96 ms, found 3 plugins.
Preloading 0 native plugins for Editor in 0.00 ms.
Unloading 2685 Unused Serialized files (Serialized files now loaded: 0)
System memory in use before: 116.7 MB.
System memory in use after: 116.7 MB.

Unloading 22 unused Assets to reduce memory usage. Loaded Objects now: 3151.
Total: 6.685200 ms (FindLiveObjects: 0.306200 ms CreateObjectMapping: 0.149900 ms MarkObjects: 6.014100 ms  DeleteObjects: 0.213400 ms)

AssetImportParameters requested are different than current active one (requested -> active):
  custom:framework-win-MediaFoundation: 216162199b28c13a410421893ffa2e32 -> 
  custom:video-decoder-ogg-theora: a1e56fd34408186e4bbccfd4996cb3dc -> 
  custom:container-muxer-webm: aa71ff27fc2769a1b78a27578f13a17b -> 
  custom:container-demuxer-webm: 4f35f7cbe854078d1ac9338744f61a02 -> 
  custom:container-demuxer-ogg: 62fdf1f143b41e24485cea50d1cbac27 -> 
  custom:video-encoder-webm-vp8: eb34c28f22e8b96e1ab97ce403110664 -> 
  custom:video-codec-MediaFoundation-h265: 746d11721c4dcdbdad8f713fa42b33f4 -> 
  custom:video-decoder-webm-vp8: 9c59270c3fd7afecdb556c50c9e8de78 -> 
  custom:audio-decoder-ogg-vorbis: bf7c407c2cedff20999df2af8eb42d56 -> 
  custom:audio-encoder-webm-vorbis: bf7c407c2cedff20999df2af8eb42d56 -> 
========================================================================
Received Prepare
Registering precompiled user dll's ...
Registered in 0.007185 seconds.
Begin MonoManager ReloadAssembly
Native extension for LinuxStandalone target not found
Native extension for WindowsStandalone target not found
Native extension for OSXStandalone target not found
Refreshing native plugins compatible for Editor in 0.97 ms, found 3 plugins.
Preloading 0 native plugins for Editor in 0.00 ms.
Mono: successfully reloaded assembly
- Completed reload, in  2.104 seconds
Domain Reload Profiling:
	ReloadAssembly (2105ms)
		BeginReloadAssembly (215ms)
			ExecutionOrderSort (0ms)
			DisableScriptedObjects (11ms)
			BackupInstance (0ms)
			ReleaseScriptingObjects (0ms)
			CreateAndSetChildDomain (61ms)
		EndReloadAssembly (1746ms)
			LoadAssemblies (181ms)
			RebuildTransferFunctionScriptingTraits (0ms)
			SetupTypeCache (609ms)
			ReleaseScriptCaches (1ms)
			RebuildScriptCaches (83ms)
			SetupLoadedEditorAssemblies (681ms)
				LogAssemblyErrors (0ms)
				InitializePlatformSupportModulesInManaged (13ms)
				SetLoadedEditorAssemblies (1ms)
				RefreshPlugins (1ms)
				BeforeProcessingInitializeOnLoad (174ms)
				ProcessInitializeOnLoadAttributes (460ms)
				ProcessInitializeOnLoadMethodAttributes (21ms)
				AfterProcessingInitializeOnLoad (10ms)
				EditorAssembliesLoaded (0ms)
			ExecutionOrderSort2 (0ms)
			AwakeInstancesAfterBackupRestoration (16ms)
Platform modules already initialized, skipping
Refreshing native plugins compatible for Editor in 1.02 ms, found 3 plugins.
Preloading 0 native plugins for Editor in 0.00 ms.
Unloading 2685 Unused Serialized files (Serialized files now loaded: 0)
System memory in use before: 116.7 MB.
System memory in use after: 116.7 MB.

Unloading 22 unused Assets to reduce memory usage. Loaded Objects now: 3154.
Total: 5.812000 ms (FindLiveObjects: 0.291700 ms CreateObjectMapping: 0.131200 ms MarkObjects: 5.136100 ms  DeleteObjects: 0.251500 ms)

AssetImportParameters requested are different than current active one (requested -> active):
  custom:framework-win-MediaFoundation: 216162199b28c13a410421893ffa2e32 -> 
  custom:video-decoder-ogg-theora: a1e56fd34408186e4bbccfd4996cb3dc -> 
  custom:container-muxer-webm: aa71ff27fc2769a1b78a27578f13a17b -> 
  custom:container-demuxer-webm: 4f35f7cbe854078d1ac9338744f61a02 -> 
  custom:container-demuxer-ogg: 62fdf1f143b41e24485cea50d1cbac27 -> 
  custom:video-encoder-webm-vp8: eb34c28f22e8b96e1ab97ce403110664 -> 
  custom:video-codec-MediaFoundation-h265: 746d11721c4dcdbdad8f713fa42b33f4 -> 
  custom:video-decoder-webm-vp8: 9c59270c3fd7afecdb556c50c9e8de78 -> 
  custom:audio-decoder-ogg-vorbis: bf7c407c2cedff20999df2af8eb42d56 -> 
  custom:audio-encoder-webm-vorbis: bf7c407c2cedff20999df2af8eb42d56 -> 
========================================================================
Received Import Request.
  Time since last request: 458.109893 seconds.
  path: Assets/Characters/characters/player.png
  artifactKey: Guid(4ecca6babd434024981a9c418ca49ae5) Importer(815301076,1909f56bfc062723c751e8b465ee728b)
Start importing Assets/Characters/characters/player.png using Guid(4ecca6babd434024981a9c418ca49ae5) Importer(815301076,1909f56bfc062723c751e8b465ee728b)  -> (artifact id: 'b751b68badc18c15ede151d0b869450b') in 0.319649 seconds 
========================================================================
Received Import Request.
  Time since last request: 0.000411 seconds.
  path: Assets/Characters/characters/slime.png
  artifactKey: Guid(3160c370d0fc5e84380b4a4d322bff75) Importer(815301076,1909f56bfc062723c751e8b465ee728b)
Start importing Assets/Characters/characters/slime.png using Guid(3160c370d0fc5e84380b4a4d322bff75) Importer(815301076,1909f56bfc062723c751e8b465ee728b)  -> (artifact id: '8f32147997cd667101a5d86cc3b622d9') in 0.187192 seconds 
========================================================================
Received Import Request.
  Time since last request: 2.933843 seconds.
  path: Assets/Characters/player_0.prefab
  artifactKey: Guid(d096e616cf9d8414e81981dff0c436aa) Importer(815301076,1909f56bfc062723c751e8b465ee728b)
Start importing Assets/Characters/player_0.prefab using Guid(d096e616cf9d8414e81981dff0c436aa) Importer(815301076,1909f56bfc062723c751e8b465ee728b)  -> (artifact id: 'f1f839f96aad681b242dc946b5630781') in 0.091734 seconds 
========================================================================
Received Import Request.
  Time since last request: 0.000575 seconds.
  path: Assets/Characters/PlayerInputActions.inputactions
  artifactKey: Guid(97fd1b964071fd448991711119562710) Importer(815301076,1909f56bfc062723c751e8b465ee728b)
Start importing Assets/Characters/PlayerInputActions.inputactions using Guid(97fd1b964071fd448991711119562710) Importer(815301076,1909f56bfc062723c751e8b465ee728b)  -> (artifact id: 'fdeb35b8848747d1af4ad767d81b6c03') in 0.032539 seconds 
========================================================================
Received Import Request.
  Time since last request: 0.000471 seconds.
  path: Assets/Characters/slime_0.prefab
  artifactKey: Guid(11b78343ab7068b439c645eb7c11f04a) Importer(815301076,1909f56bfc062723c751e8b465ee728b)
Start importing Assets/Characters/slime_0.prefab using Guid(11b78343ab7068b439c645eb7c11f04a) Importer(815301076,1909f56bfc062723c751e8b465ee728b)  -> (artifact id: 'd58492f15e6799c9fb574ff915942cbd') in 0.027359 seconds 
========================================================================
Received Import Request.
  Time since last request: 0.000437 seconds.
  path: Assets/Characters/SLime2.prefab
  artifactKey: Guid(9a5a44c8adddfba49822590ea3351877) Importer(815301076,1909f56bfc062723c751e8b465ee728b)
Start importing Assets/Characters/SLime2.prefab using Guid(9a5a44c8adddfba49822590ea3351877) Importer(815301076,1909f56bfc062723c751e8b465ee728b)  -> (artifact id: '235daac9a20e1792bfea0ff099c9fcce') in 0.025861 seconds 
========================================================================
Received Prepare
Registering precompiled user dll's ...
Registered in 0.005503 seconds.
Begin MonoManager ReloadAssembly
Native extension for LinuxStandalone target not found
Native extension for WindowsStandalone target not found
Native extension for OSXStandalone target not found
Refreshing native plugins compatible for Editor in 0.97 ms, found 3 plugins.
Preloading 0 native plugins for Editor in 0.00 ms.
Mono: successfully reloaded assembly
- Completed reload, in  1.967 seconds
Domain Reload Profiling:
	ReloadAssembly (1968ms)
		BeginReloadAssembly (198ms)
			ExecutionOrderSort (0ms)
			DisableScriptedObjects (11ms)
			BackupInstance (0ms)
			ReleaseScriptingObjects (0ms)
			CreateAndSetChildDomain (58ms)
		EndReloadAssembly (1657ms)
			LoadAssemblies (173ms)
			RebuildTransferFunctionScriptingTraits (0ms)
			SetupTypeCache (481ms)
			ReleaseScriptCaches (2ms)
			RebuildScriptCaches (68ms)
			SetupLoadedEditorAssemblies (762ms)
				LogAssemblyErrors (0ms)
				InitializePlatformSupportModulesInManaged (13ms)
				SetLoadedEditorAssemblies (1ms)
				RefreshPlugins (1ms)
				BeforeProcessingInitializeOnLoad (194ms)
				ProcessInitializeOnLoadAttributes (522ms)
				ProcessInitializeOnLoadMethodAttributes (19ms)
				AfterProcessingInitializeOnLoad (11ms)
				EditorAssembliesLoaded (0ms)
			ExecutionOrderSort2 (0ms)
			AwakeInstancesAfterBackupRestoration (18ms)
Platform modules already initialized, skipping
Refreshing native plugins compatible for Editor in 0.97 ms, found 3 plugins.
Preloading 0 native plugins for Editor in 0.00 ms.
Unloading 2685 Unused Serialized files (Serialized files now loaded: 0)
System memory in use before: 119.8 MB.
System memory in use after: 119.9 MB.

Unloading 22 unused Assets to reduce memory usage. Loaded Objects now: 3239.
Total: 5.528400 ms (FindLiveObjects: 0.267300 ms CreateObjectMapping: 0.177100 ms MarkObjects: 4.885700 ms  DeleteObjects: 0.197100 ms)

AssetImportParameters requested are different than current active one (requested -> active):
  custom:framework-win-MediaFoundation: 216162199b28c13a410421893ffa2e32 -> 
  custom:video-decoder-ogg-theora: a1e56fd34408186e4bbccfd4996cb3dc -> 
  custom:container-muxer-webm: aa71ff27fc2769a1b78a27578f13a17b -> 
  custom:container-demuxer-webm: 4f35f7cbe854078d1ac9338744f61a02 -> 
  custom:container-demuxer-ogg: 62fdf1f143b41e24485cea50d1cbac27 -> 
  custom:video-encoder-webm-vp8: eb34c28f22e8b96e1ab97ce403110664 -> 
  custom:video-codec-MediaFoundation-h265: 746d11721c4dcdbdad8f713fa42b33f4 -> 
  custom:video-decoder-webm-vp8: 9c59270c3fd7afecdb556c50c9e8de78 -> 
  custom:audio-decoder-ogg-vorbis: bf7c407c2cedff20999df2af8eb42d56 -> 
  custom:audio-encoder-webm-vorbis: bf7c407c2cedff20999df2af8eb42d56 -> 
========================================================================
Received Import Request.
  Time since last request: 117.064727 seconds.
  path: Assets/Characters/characters/enemy_0.prefab
  artifactKey: Guid(80ec5077a3c82dd49acd56c3c5356d6d) Importer(815301076,1909f56bfc062723c751e8b465ee728b)
Start importing Assets/Characters/characters/enemy_0.prefab using Guid(80ec5077a3c82dd49acd56c3c5356d6d) Importer(815301076,1909f56bfc062723c751e8b465ee728b)  -> (artifact id: 'f82af43da537496dd9e9bfc9a16d13a5') in 0.101918 seconds 
========================================================================
Received Import Request.
  Time since last request: 204.347285 seconds.
  path: Assets/Graphics/Base_map.prefab
  artifactKey: Guid(6fa46b4c85682e94bbd912afda75924e) Importer(815301076,1909f56bfc062723c751e8b465ee728b)
Start importing Assets/Graphics/Base_map.prefab using Guid(6fa46b4c85682e94bbd912afda75924e) Importer(815301076,1909f56bfc062723c751e8b465ee728b)  -> (artifact id: '17d4c69b0c5daaa72ecc428cd1c6d9cf') in 0.092214 seconds 
========================================================================
Received Import Request.
  Time since last request: 0.000368 seconds.
  path: Assets/Graphics/ts_overworld_5.asset
  artifactKey: Guid(92cd49629508dd347bb30d9eb8123339) Importer(815301076,1909f56bfc062723c751e8b465ee728b)
Start importing Assets/Graphics/ts_overworld_5.asset using Guid(92cd49629508dd347bb30d9eb8123339) Importer(815301076,1909f56bfc062723c751e8b465ee728b)  -> (artifact id: '186fbaafdf47ea705dab2943643c01f8') in 0.042325 seconds 
========================================================================
Received Import Request.
  Time since last request: 0.000434 seconds.
  path: Assets/Graphics/ts_overworld_19.asset
  artifactKey: Guid(38561b2bf62112d4b940ed18be189152) Importer(815301076,1909f56bfc062723c751e8b465ee728b)
Start importing Assets/Graphics/ts_overworld_19.asset using Guid(38561b2bf62112d4b940ed18be189152) Importer(815301076,1909f56bfc062723c751e8b465ee728b)  -> (artifact id: '0e064d50d23a234ffd3d223c39ed3ea9') in 0.020855 seconds 
========================================================================
Received Import Request.
  Time since last request: 0.000400 seconds.
  path: Assets/Graphics/ts_overworld_16.asset
  artifactKey: Guid(cbfb4ad929784974980a28bffcd175da) Importer(815301076,1909f56bfc062723c751e8b465ee728b)
Start importing Assets/Graphics/ts_overworld_16.asset using Guid(cbfb4ad929784974980a28bffcd175da) Importer(815301076,1909f56bfc062723c751e8b465ee728b)  -> (artifact id: '50620d481493a34fed336c4ce87f8671') in 0.019448 seconds 
========================================================================
Received Import Request.
  Time since last request: 0.000545 seconds.
  path: Assets/Graphics/ts_overworld_1.asset
  artifactKey: Guid(58b7672ff85db3c41bd597e6480f2c24) Importer(815301076,1909f56bfc062723c751e8b465ee728b)
Start importing Assets/Graphics/ts_overworld_1.asset using Guid(58b7672ff85db3c41bd597e6480f2c24) Importer(815301076,1909f56bfc062723c751e8b465ee728b)  -> (artifact id: '80ab832e8415358743225f015eff8fec') in 0.021763 seconds 
========================================================================
Received Import Request.
  Time since last request: 0.000344 seconds.
  path: Assets/Graphics/ts_overworld_17.asset
  artifactKey: Guid(097415fe87be5284d99f8a7ca560e82f) Importer(815301076,1909f56bfc062723c751e8b465ee728b)
Start importing Assets/Graphics/ts_overworld_17.asset using Guid(097415fe87be5284d99f8a7ca560e82f) Importer(815301076,1909f56bfc062723c751e8b465ee728b)  -> (artifact id: '897900ce611346b7e20482a1abe586bf') in 0.019244 seconds 
========================================================================
Received Import Request.
  Time since last request: 0.000336 seconds.
  path: Assets/Graphics/ts_overworld_9.asset
  artifactKey: Guid(b58282de2c91f5647bdeb90824aa4b26) Importer(815301076,1909f56bfc062723c751e8b465ee728b)
Start importing Assets/Graphics/ts_overworld_9.asset using Guid(b58282de2c91f5647bdeb90824aa4b26) Importer(815301076,1909f56bfc062723c751e8b465ee728b)  -> (artifact id: '822e2350dd06c106d571878921886f1b') in 0.018971 seconds 
========================================================================
Received Import Request.
  Time since last request: 0.000394 seconds.
  path: Assets/Graphics/ts_overworld_10.asset
  artifactKey: Guid(9582eb1a002554047ac76ef91dc34aa4) Importer(815301076,1909f56bfc062723c751e8b465ee728b)
Start importing Assets/Graphics/ts_overworld_10.asset using Guid(9582eb1a002554047ac76ef91dc34aa4) Importer(815301076,1909f56bfc062723c751e8b465ee728b)  -> (artifact id: '6f4693282cac19195c55a318725785e6') in 0.022083 seconds 
========================================================================
Received Import Request.
  Time since last request: 0.000425 seconds.
  path: Assets/Graphics/ts_overworld_7.asset
  artifactKey: Guid(4242a1a8c8aed8448955be6ef18a05db) Importer(815301076,1909f56bfc062723c751e8b465ee728b)
Start importing Assets/Graphics/ts_overworld_7.asset using Guid(4242a1a8c8aed8448955be6ef18a05db) Importer(815301076,1909f56bfc062723c751e8b465ee728b)  -> (artifact id: 'ea19de5bd23fe19e42eb03e35955c95c') in 0.019355 seconds 
========================================================================
Received Import Request.
  Time since last request: 0.000367 seconds.
  path: Assets/Graphics/ts_overworld_11.asset
  artifactKey: Guid(26b98ca24749bf742b555a87b9464d2d) Importer(815301076,1909f56bfc062723c751e8b465ee728b)
Start importing Assets/Graphics/ts_overworld_11.asset using Guid(26b98ca24749bf742b555a87b9464d2d) Importer(815301076,1909f56bfc062723c751e8b465ee728b)  -> (artifact id: '59d8c47f5fa1200342ebdb96fa798dbf') in 0.019613 seconds 
========================================================================
Received Import Request.
  Time since last request: 0.000367 seconds.
  path: Assets/Graphics/ts_overworld_8.asset
  artifactKey: Guid(b48be90b86829014fa22cc7ff02ca7b7) Importer(815301076,1909f56bfc062723c751e8b465ee728b)
Start importing Assets/Graphics/ts_overworld_8.asset using Guid(b48be90b86829014fa22cc7ff02ca7b7) Importer(815301076,1909f56bfc062723c751e8b465ee728b)  -> (artifact id: 'baec473c24ab940229abc4306544cf7d') in 0.022563 seconds 
========================================================================
Received Import Request.
  Time since last request: 0.000340 seconds.
  path: Assets/Graphics/ts_overworld_18.asset
  artifactKey: Guid(e11434da269875743b8ce25cb77341f2) Importer(815301076,1909f56bfc062723c751e8b465ee728b)
Start importing Assets/Graphics/ts_overworld_18.asset using Guid(e11434da269875743b8ce25cb77341f2) Importer(815301076,1909f56bfc062723c751e8b465ee728b)  -> (artifact id: 'c1a28294c1f8e683b68df251255ed12a') in 0.019650 seconds 
========================================================================
Received Import Request.
  Time since last request: 0.000323 seconds.
  path: Assets/Graphics/ts_overworld_12.asset
  artifactKey: Guid(95db6ccb7d544fa4ba2a2ea5e75e8ddf) Importer(815301076,1909f56bfc062723c751e8b465ee728b)
Start importing Assets/Graphics/ts_overworld_12.asset using Guid(95db6ccb7d544fa4ba2a2ea5e75e8ddf) Importer(815301076,1909f56bfc062723c751e8b465ee728b)  -> (artifact id: '6be0ccc1f17c41e9517336c967618537') in 0.018973 seconds 
========================================================================
Received Import Request.
  Time since last request: 0.000362 seconds.
  path: Assets/Graphics/ts_overworld_6.asset
  artifactKey: Guid(874e22640ce1ec548a185ed3a12de5c6) Importer(815301076,1909f56bfc062723c751e8b465ee728b)
Start importing Assets/Graphics/ts_overworld_6.asset using Guid(874e22640ce1ec548a185ed3a12de5c6) Importer(815301076,1909f56bfc062723c751e8b465ee728b)  -> (artifact id: '2f2116716d1ae799d0f060827b063888') in 0.020810 seconds 
========================================================================
Received Import Request.
  Time since last request: 0.000457 seconds.
  path: Assets/Graphics/ts_overworld_15.asset
  artifactKey: Guid(74f500ea97c605e449ee612a54f5cebc) Importer(815301076,1909f56bfc062723c751e8b465ee728b)
Start importing Assets/Graphics/ts_overworld_15.asset using Guid(74f500ea97c605e449ee612a54f5cebc) Importer(815301076,1909f56bfc062723c751e8b465ee728b)  -> (artifact id: 'a8afb84af5c59e3bebde6c1be8277116') in 0.019751 seconds 
========================================================================
Received Import Request.
  Time since last request: 0.000413 seconds.
  path: Assets/Graphics/ts_overworld_13.asset
  artifactKey: Guid(105e1249e67ef2a48a4058a80952bf7c) Importer(815301076,1909f56bfc062723c751e8b465ee728b)
Start importing Assets/Graphics/ts_overworld_13.asset using Guid(105e1249e67ef2a48a4058a80952bf7c) Importer(815301076,1909f56bfc062723c751e8b465ee728b)  -> (artifact id: 'b2c0298c605fd6bd80aabaa8b6eddb9b') in 0.018656 seconds 
========================================================================
Received Import Request.
  Time since last request: 0.000408 seconds.
  path: Assets/Graphics/ts_overworld_0.asset
  artifactKey: Guid(51dcb8f6b89326e4086640b8861c9afb) Importer(815301076,1909f56bfc062723c751e8b465ee728b)
Start importing Assets/Graphics/ts_overworld_0.asset using Guid(51dcb8f6b89326e4086640b8861c9afb) Importer(815301076,1909f56bfc062723c751e8b465ee728b)  -> (artifact id: 'af398ae0e0aaa95d19ae675b0dc570cf') in 0.019562 seconds 
========================================================================
Received Import Request.
  Time since last request: 0.000344 seconds.
  path: Assets/Graphics/ts_overworld_4.asset
  artifactKey: Guid(b13754b35770fcb4893a9c19287aa5c0) Importer(815301076,1909f56bfc062723c751e8b465ee728b)
Start importing Assets/Graphics/ts_overworld_4.asset using Guid(b13754b35770fcb4893a9c19287aa5c0) Importer(815301076,1909f56bfc062723c751e8b465ee728b)  -> (artifact id: 'f3051907aba371caa563788d971804a4') in 0.019920 seconds 
========================================================================
Received Import Request.
  Time since last request: 0.000423 seconds.
  path: Assets/Graphics/ts_overworld_3.asset
  artifactKey: Guid(8cf0a07c0b89a1f4393aa1edfe81bcca) Importer(815301076,1909f56bfc062723c751e8b465ee728b)
Start importing Assets/Graphics/ts_overworld_3.asset using Guid(8cf0a07c0b89a1f4393aa1edfe81bcca) Importer(815301076,1909f56bfc062723c751e8b465ee728b)  -> (artifact id: '693e62db1155ab7f83086e847e13a1c4') in 0.018612 seconds 
========================================================================
Received Import Request.
  Time since last request: 0.000357 seconds.
  path: Assets/Graphics/ts_overworld_14.asset
  artifactKey: Guid(e0ad97515f4c2154080b53e5e8b337a7) Importer(815301076,1909f56bfc062723c751e8b465ee728b)
Start importing Assets/Graphics/ts_overworld_14.asset using Guid(e0ad97515f4c2154080b53e5e8b337a7) Importer(815301076,1909f56bfc062723c751e8b465ee728b)  -> (artifact id: 'd26c2154e29da1fdf8965cdd4d5ff343') in 0.020641 seconds 
========================================================================
Received Import Request.
  Time since last request: 0.000383 seconds.
  path: Assets/Graphics/ts_overworld_2.asset
  artifactKey: Guid(bc3477655fccbd74597eb7b881e59dae) Importer(815301076,1909f56bfc062723c751e8b465ee728b)
Start importing Assets/Graphics/ts_overworld_2.asset using Guid(bc3477655fccbd74597eb7b881e59dae) Importer(815301076,1909f56bfc062723c751e8b465ee728b)  -> (artifact id: '898b5ab3c9bb8a1160f7afe718ead608') in 0.022246 seconds 
========================================================================
Received Import Request.
  Time since last request: 21.180404 seconds.
  path: Assets/Characters/Square.prefab
  artifactKey: Guid(1e39d42371e72fc44b7060accc773e3d) Importer(815301076,1909f56bfc062723c751e8b465ee728b)
Start importing Assets/Characters/Square.prefab using Guid(1e39d42371e72fc44b7060accc773e3d) Importer(815301076,1909f56bfc062723c751e8b465ee728b)  -> (artifact id: '9a3f4188f788319cdc6e4cd736a810e5') in 0.029503 seconds 
========================================================================
Received Import Request.
  Time since last request: 38.138848 seconds.
  path: Assets/Characters/TP BOX PREFAB.prefab
  artifactKey: Guid(1e39d42371e72fc44b7060accc773e3d) Importer(815301076,1909f56bfc062723c751e8b465ee728b)
Start importing Assets/Characters/TP BOX PREFAB.prefab using Guid(1e39d42371e72fc44b7060accc773e3d) Importer(815301076,1909f56bfc062723c751e8b465ee728b)  -> (artifact id: '9a5bfdcf36aa796898feef595f8fac06') in 0.046839 seconds 
========================================================================
Received Prepare
Registering precompiled user dll's ...
Registered in 0.005827 seconds.
Begin MonoManager ReloadAssembly
Native extension for LinuxStandalone target not found
Native extension for WindowsStandalone target not found
Native extension for OSXStandalone target not found
Refreshing native plugins compatible for Editor in 1.25 ms, found 3 plugins.
Preloading 0 native plugins for Editor in 0.00 ms.
Mono: successfully reloaded assembly
- Completed reload, in  2.132 seconds
Domain Reload Profiling:
	ReloadAssembly (2133ms)
		BeginReloadAssembly (196ms)
			ExecutionOrderSort (0ms)
			DisableScriptedObjects (14ms)
			BackupInstance (0ms)
			ReleaseScriptingObjects (0ms)
			CreateAndSetChildDomain (56ms)
		EndReloadAssembly (1840ms)
			LoadAssemblies (187ms)
			RebuildTransferFunctionScriptingTraits (0ms)
			SetupTypeCache (604ms)
			ReleaseScriptCaches (2ms)
			RebuildScriptCaches (79ms)
			SetupLoadedEditorAssemblies (761ms)
				LogAssemblyErrors (0ms)
				InitializePlatformSupportModulesInManaged (11ms)
				SetLoadedEditorAssemblies (1ms)
				RefreshPlugins (1ms)
				BeforeProcessingInitializeOnLoad (230ms)
				ProcessInitializeOnLoadAttributes (491ms)
				ProcessInitializeOnLoadMethodAttributes (17ms)
				AfterProcessingInitializeOnLoad (9ms)
				EditorAssembliesLoaded (0ms)
			ExecutionOrderSort2 (0ms)
			AwakeInstancesAfterBackupRestoration (22ms)
Platform modules already initialized, skipping
Refreshing native plugins compatible for Editor in 0.97 ms, found 3 plugins.
Preloading 0 native plugins for Editor in 0.00 ms.
Unloading 2685 Unused Serialized files (Serialized files now loaded: 0)
System memory in use before: 119.9 MB.
System memory in use after: 119.9 MB.

Unloading 22 unused Assets to reduce memory usage. Loaded Objects now: 3246.
Total: 5.968500 ms (FindLiveObjects: 0.369000 ms CreateObjectMapping: 0.165900 ms MarkObjects: 5.230900 ms  DeleteObjects: 0.201100 ms)

AssetImportParameters requested are different than current active one (requested -> active):
  custom:framework-win-MediaFoundation: 216162199b28c13a410421893ffa2e32 -> 
  custom:video-decoder-ogg-theora: a1e56fd34408186e4bbccfd4996cb3dc -> 
  custom:container-muxer-webm: aa71ff27fc2769a1b78a27578f13a17b -> 
  custom:container-demuxer-webm: 4f35f7cbe854078d1ac9338744f61a02 -> 
  custom:container-demuxer-ogg: 62fdf1f143b41e24485cea50d1cbac27 -> 
  custom:video-encoder-webm-vp8: eb34c28f22e8b96e1ab97ce403110664 -> 
  custom:video-codec-MediaFoundation-h265: 746d11721c4dcdbdad8f713fa42b33f4 -> 
  custom:video-decoder-webm-vp8: 9c59270c3fd7afecdb556c50c9e8de78 -> 
  custom:audio-decoder-ogg-vorbis: bf7c407c2cedff20999df2af8eb42d56 -> 
  custom:audio-encoder-webm-vorbis: bf7c407c2cedff20999df2af8eb42d56 -> 
========================================================================
Received Prepare
Registering precompiled user dll's ...
Registered in 0.005516 seconds.
Begin MonoManager ReloadAssembly
Native extension for LinuxStandalone target not found
Native extension for WindowsStandalone target not found
Native extension for OSXStandalone target not found
Refreshing native plugins compatible for Editor in 0.94 ms, found 3 plugins.
Preloading 0 native plugins for Editor in 0.00 ms.
Mono: successfully reloaded assembly
- Completed reload, in  2.112 seconds
Domain Reload Profiling:
	ReloadAssembly (2112ms)
		BeginReloadAssembly (190ms)
			ExecutionOrderSort (0ms)
			DisableScriptedObjects (11ms)
			BackupInstance (0ms)
			ReleaseScriptingObjects (0ms)
			CreateAndSetChildDomain (55ms)
		EndReloadAssembly (1809ms)
			LoadAssemblies (188ms)
			RebuildTransferFunctionScriptingTraits (0ms)
			SetupTypeCache (597ms)
			ReleaseScriptCaches (2ms)
			RebuildScriptCaches (93ms)
			SetupLoadedEditorAssemblies (722ms)
				LogAssemblyErrors (0ms)
				InitializePlatformSupportModulesInManaged (15ms)
				SetLoadedEditorAssemblies (1ms)
				RefreshPlugins (1ms)
				BeforeProcessingInitializeOnLoad (180ms)
				ProcessInitializeOnLoadAttributes (485ms)
				ProcessInitializeOnLoadMethodAttributes (26ms)
				AfterProcessingInitializeOnLoad (14ms)
				EditorAssembliesLoaded (0ms)
			ExecutionOrderSort2 (0ms)
			AwakeInstancesAfterBackupRestoration (20ms)
Platform modules already initialized, skipping
Refreshing native plugins compatible for Editor in 0.95 ms, found 3 plugins.
Preloading 0 native plugins for Editor in 0.00 ms.
Unloading 2685 Unused Serialized files (Serialized files now loaded: 0)
System memory in use before: 119.9 MB.
System memory in use after: 119.9 MB.

Unloading 22 unused Assets to reduce memory usage. Loaded Objects now: 3249.
Total: 5.609400 ms (FindLiveObjects: 0.347500 ms CreateObjectMapping: 0.152700 ms MarkObjects: 4.884000 ms  DeleteObjects: 0.223700 ms)

AssetImportParameters requested are different than current active one (requested -> active):
  custom:framework-win-MediaFoundation: 216162199b28c13a410421893ffa2e32 -> 
  custom:video-decoder-ogg-theora: a1e56fd34408186e4bbccfd4996cb3dc -> 
  custom:container-muxer-webm: aa71ff27fc2769a1b78a27578f13a17b -> 
  custom:container-demuxer-webm: 4f35f7cbe854078d1ac9338744f61a02 -> 
  custom:container-demuxer-ogg: 62fdf1f143b41e24485cea50d1cbac27 -> 
  custom:video-encoder-webm-vp8: eb34c28f22e8b96e1ab97ce403110664 -> 
  custom:video-codec-MediaFoundation-h265: 746d11721c4dcdbdad8f713fa42b33f4 -> 
  custom:video-decoder-webm-vp8: 9c59270c3fd7afecdb556c50c9e8de78 -> 
  custom:audio-decoder-ogg-vorbis: bf7c407c2cedff20999df2af8eb42d56 -> 
  custom:audio-encoder-webm-vorbis: bf7c407c2cedff20999df2af8eb42d56 -> 
========================================================================
Received Prepare
Registering precompiled user dll's ...
Registered in 0.005272 seconds.
Begin MonoManager ReloadAssembly
Native extension for LinuxStandalone target not found
Native extension for WindowsStandalone target not found
Native extension for OSXStandalone target not found
Refreshing native plugins compatible for Editor in 0.96 ms, found 3 plugins.
Preloading 0 native plugins for Editor in 0.00 ms.
Mono: successfully reloaded assembly
- Completed reload, in  1.977 seconds
Domain Reload Profiling:
	ReloadAssembly (1978ms)
		BeginReloadAssembly (191ms)
			ExecutionOrderSort (0ms)
			DisableScriptedObjects (12ms)
			BackupInstance (0ms)
			ReleaseScriptingObjects (0ms)
			CreateAndSetChildDomain (54ms)
		EndReloadAssembly (1658ms)
			LoadAssemblies (166ms)
			RebuildTransferFunctionScriptingTraits (0ms)
			SetupTypeCache (444ms)
			ReleaseScriptCaches (2ms)
			RebuildScriptCaches (89ms)
			SetupLoadedEditorAssemblies (742ms)
				LogAssemblyErrors (0ms)
				InitializePlatformSupportModulesInManaged (11ms)
				SetLoadedEditorAssemblies (1ms)
				RefreshPlugins (1ms)
				BeforeProcessingInitializeOnLoad (186ms)
				ProcessInitializeOnLoadAttributes (498ms)
				ProcessInitializeOnLoadMethodAttributes (27ms)
				AfterProcessingInitializeOnLoad (17ms)
				EditorAssembliesLoaded (0ms)
			ExecutionOrderSort2 (0ms)
			AwakeInstancesAfterBackupRestoration (21ms)
Platform modules already initialized, skipping
Refreshing native plugins compatible for Editor in 0.94 ms, found 3 plugins.
Preloading 0 native plugins for Editor in 0.00 ms.
Unloading 2685 Unused Serialized files (Serialized files now loaded: 0)
System memory in use before: 119.9 MB.
System memory in use after: 120.0 MB.

Unloading 22 unused Assets to reduce memory usage. Loaded Objects now: 3252.
Total: 7.927300 ms (FindLiveObjects: 0.512500 ms CreateObjectMapping: 0.164900 ms MarkObjects: 7.041600 ms  DeleteObjects: 0.206900 ms)

AssetImportParameters requested are different than current active one (requested -> active):
  custom:framework-win-MediaFoundation: 216162199b28c13a410421893ffa2e32 -> 
  custom:video-decoder-ogg-theora: a1e56fd34408186e4bbccfd4996cb3dc -> 
  custom:container-muxer-webm: aa71ff27fc2769a1b78a27578f13a17b -> 
  custom:container-demuxer-webm: 4f35f7cbe854078d1ac9338744f61a02 -> 
  custom:container-demuxer-ogg: 62fdf1f143b41e24485cea50d1cbac27 -> 
  custom:video-encoder-webm-vp8: eb34c28f22e8b96e1ab97ce403110664 -> 
  custom:video-codec-MediaFoundation-h265: 746d11721c4dcdbdad8f713fa42b33f4 -> 
  custom:video-decoder-webm-vp8: 9c59270c3fd7afecdb556c50c9e8de78 -> 
  custom:audio-decoder-ogg-vorbis: bf7c407c2cedff20999df2af8eb42d56 -> 
  custom:audio-encoder-webm-vorbis: bf7c407c2cedff20999df2af8eb42d56 -> 
AssetImportWorkerClient::OnTransportError - code=2 error=End of file
